{"D:\\Tugas\\PHASE 3\\Mediku-App\\server\\app\\app.js": {"path":"D:\\Tugas\\PHASE 3\\Mediku-App\\server\\app\\app.js","statementMap":{"0":{"start":{"line":1,"column":0},"end":{"line":3,"column":1}},"1":{"start":{"line":2,"column":2},"end":{"line":2,"column":28}},"2":{"start":{"line":4,"column":16},"end":{"line":4,"column":34}},"3":{"start":{"line":5,"column":13},"end":{"line":5,"column":28}},"4":{"start":{"line":6,"column":16},"end":{"line":6,"column":36}},"5":{"start":{"line":7,"column":12},"end":{"line":7,"column":21}},"6":{"start":{"line":9,"column":0},"end":{"line":9,"column":15}},"7":{"start":{"line":10,"column":0},"end":{"line":10,"column":23}},"8":{"start":{"line":11,"column":0},"end":{"line":11,"column":47}},"9":{"start":{"line":12,"column":0},"end":{"line":12,"column":16}},"10":{"start":{"line":14,"column":0},"end":{"line":14,"column":20}}},"fnMap":{},"branchMap":{"0":{"loc":{"start":{"line":1,"column":0},"end":{"line":3,"column":1}},"type":"if","locations":[{"start":{"line":1,"column":0},"end":{"line":3,"column":1}},{"start":{"line":1,"column":0},"end":{"line":3,"column":1}}],"line":1}},"s":{"0":3,"1":3,"2":3,"3":3,"4":3,"5":3,"6":3,"7":3,"8":3,"9":3,"10":3},"f":{},"b":{"0":[3,0]},"_coverageSchema":"1a1c01bbd47fc00a2c39e90264f33305004495a9","hash":"228a071a1040e1daf34db01b9c01eb06d4db35af"}
,"D:\\Tugas\\PHASE 3\\Mediku-App\\server\\app\\Controllers\\ClinicController.js": {"path":"D:\\Tugas\\PHASE 3\\Mediku-App\\server\\app\\Controllers\\ClinicController.js","statementMap":{"0":{"start":{"line":1,"column":19},"end":{"line":1,"column":39}},"1":{"start":{"line":2,"column":26},"end":{"line":2,"column":56}},"2":{"start":{"line":3,"column":22},"end":{"line":3,"column":47}},"3":{"start":{"line":7,"column":4},"end":{"line":35,"column":5}},"4":{"start":{"line":8,"column":34},"end":{"line":8,"column":42}},"5":{"start":{"line":9,"column":21},"end":{"line":13,"column":8}},"6":{"start":{"line":14,"column":6},"end":{"line":32,"column":7}},"7":{"start":{"line":15,"column":26},"end":{"line":15,"column":66}},"8":{"start":{"line":16,"column":8},"end":{"line":29,"column":9}},"9":{"start":{"line":17,"column":31},"end":{"line":20,"column":12}},"10":{"start":{"line":22,"column":10},"end":{"line":26,"column":13}},"11":{"start":{"line":28,"column":10},"end":{"line":28,"column":41}},"12":{"start":{"line":31,"column":8},"end":{"line":31,"column":39}},"13":{"start":{"line":34,"column":6},"end":{"line":34,"column":16}},"14":{"start":{"line":39,"column":17},"end":{"line":53,"column":5}},"15":{"start":{"line":54,"column":4},"end":{"line":75,"column":5}},"16":{"start":{"line":55,"column":21},"end":{"line":55,"column":46}},"17":{"start":{"line":56,"column":17},"end":{"line":56,"column":55}},"18":{"start":{"line":57,"column":6},"end":{"line":72,"column":9}},"19":{"start":{"line":74,"column":6},"end":{"line":74,"column":18}},"20":{"start":{"line":79,"column":15},"end":{"line":79,"column":39}},"21":{"start":{"line":80,"column":4},"end":{"line":82,"column":5}},"22":{"start":{"line":81,"column":6},"end":{"line":81,"column":69}},"23":{"start":{"line":83,"column":4},"end":{"line":86,"column":7}},"24":{"start":{"line":90,"column":4},"end":{"line":102,"column":5}},"25":{"start":{"line":91,"column":17},"end":{"line":91,"column":53}},"26":{"start":{"line":92,"column":6},"end":{"line":97,"column":7}},"27":{"start":{"line":93,"column":8},"end":{"line":96,"column":10}},"28":{"start":{"line":98,"column":6},"end":{"line":98,"column":71}},"29":{"start":{"line":99,"column":6},"end":{"line":99,"column":33}},"30":{"start":{"line":101,"column":6},"end":{"line":101,"column":16}},"31":{"start":{"line":106,"column":4},"end":{"line":150,"column":5}},"32":{"start":{"line":107,"column":17},"end":{"line":107,"column":30}},"33":{"start":{"line":108,"column":19},"end":{"line":108,"column":32}},"34":{"start":{"line":109,"column":20},"end":{"line":109,"column":34}},"35":{"start":{"line":110,"column":27},"end":{"line":110,"column":48}},"36":{"start":{"line":111,"column":22},"end":{"line":111,"column":38}},"37":{"start":{"line":112,"column":23},"end":{"line":112,"column":40}},"38":{"start":{"line":113,"column":36},"end":{"line":113,"column":66}},"39":{"start":{"line":114,"column":37},"end":{"line":114,"column":68}},"40":{"start":{"line":115,"column":35},"end":{"line":115,"column":64}},"41":{"start":{"line":116,"column":23},"end":{"line":116,"column":40}},"42":{"start":{"line":117,"column":27},"end":{"line":117,"column":48}},"43":{"start":{"line":118,"column":24},"end":{"line":118,"column":42}},"44":{"start":{"line":119,"column":28},"end":{"line":119,"column":50}},"45":{"start":{"line":120,"column":23},"end":{"line":120,"column":40}},"46":{"start":{"line":121,"column":19},"end":{"line":121,"column":44}},"47":{"start":{"line":122,"column":6},"end":{"line":147,"column":7}},"48":{"start":{"line":123,"column":23},"end":{"line":143,"column":9}},"49":{"start":{"line":144,"column":8},"end":{"line":144,"column":43}},"50":{"start":{"line":146,"column":8},"end":{"line":146,"column":36}},"51":{"start":{"line":149,"column":6},"end":{"line":149,"column":16}},"52":{"start":{"line":154,"column":4},"end":{"line":168,"column":5}},"53":{"start":{"line":155,"column":21},"end":{"line":155,"column":57}},"54":{"start":{"line":156,"column":6},"end":{"line":158,"column":7}},"55":{"start":{"line":157,"column":8},"end":{"line":157,"column":36}},"56":{"start":{"line":159,"column":6},"end":{"line":162,"column":9}},"57":{"start":{"line":163,"column":6},"end":{"line":165,"column":9}},"58":{"start":{"line":167,"column":6},"end":{"line":167,"column":18}},"59":{"start":{"line":172,"column":0},"end":{"line":172,"column":34}}},"fnMap":{"0":{"name":"(anonymous_0)","decl":{"start":{"line":6,"column":2},"end":{"line":6,"column":3}},"loc":{"start":{"line":6,"column":37},"end":{"line":36,"column":3}},"line":6},"1":{"name":"(anonymous_1)","decl":{"start":{"line":38,"column":2},"end":{"line":38,"column":3}},"loc":{"start":{"line":38,"column":38},"end":{"line":76,"column":3}},"line":38},"2":{"name":"(anonymous_2)","decl":{"start":{"line":78,"column":2},"end":{"line":78,"column":3}},"loc":{"start":{"line":78,"column":36},"end":{"line":87,"column":3}},"line":78},"3":{"name":"(anonymous_3)","decl":{"start":{"line":89,"column":2},"end":{"line":89,"column":3}},"loc":{"start":{"line":89,"column":40},"end":{"line":103,"column":3}},"line":89},"4":{"name":"(anonymous_4)","decl":{"start":{"line":105,"column":2},"end":{"line":105,"column":3}},"loc":{"start":{"line":105,"column":38},"end":{"line":151,"column":3}},"line":105},"5":{"name":"(anonymous_5)","decl":{"start":{"line":153,"column":2},"end":{"line":153,"column":3}},"loc":{"start":{"line":153,"column":38},"end":{"line":169,"column":3}},"line":153}},"branchMap":{"0":{"loc":{"start":{"line":14,"column":6},"end":{"line":32,"column":7}},"type":"if","locations":[{"start":{"line":14,"column":6},"end":{"line":32,"column":7}},{"start":{"line":14,"column":6},"end":{"line":32,"column":7}}],"line":14},"1":{"loc":{"start":{"line":16,"column":8},"end":{"line":29,"column":9}},"type":"if","locations":[{"start":{"line":16,"column":8},"end":{"line":29,"column":9}},{"start":{"line":16,"column":8},"end":{"line":29,"column":9}}],"line":16},"2":{"loc":{"start":{"line":92,"column":6},"end":{"line":97,"column":7}},"type":"if","locations":[{"start":{"line":92,"column":6},"end":{"line":97,"column":7}},{"start":{"line":92,"column":6},"end":{"line":97,"column":7}}],"line":92},"3":{"loc":{"start":{"line":122,"column":6},"end":{"line":147,"column":7}},"type":"if","locations":[{"start":{"line":122,"column":6},"end":{"line":147,"column":7}},{"start":{"line":122,"column":6},"end":{"line":147,"column":7}}],"line":122},"4":{"loc":{"start":{"line":156,"column":6},"end":{"line":158,"column":7}},"type":"if","locations":[{"start":{"line":156,"column":6},"end":{"line":158,"column":7}},{"start":{"line":156,"column":6},"end":{"line":158,"column":7}}],"line":156}},"s":{"0":3,"1":3,"2":3,"3":3,"4":3,"5":3,"6":3,"7":2,"8":2,"9":1,"10":1,"11":1,"12":1,"13":2,"14":27,"15":27,"16":27,"17":1,"18":1,"19":26,"20":1,"21":1,"22":21,"23":1,"24":2,"25":2,"26":2,"27":1,"28":1,"29":1,"30":1,"31":26,"32":26,"33":26,"34":26,"35":26,"36":26,"37":26,"38":26,"39":26,"40":26,"41":26,"42":26,"43":26,"44":26,"45":26,"46":26,"47":26,"48":25,"49":1,"50":1,"51":25,"52":2,"53":2,"54":2,"55":1,"56":1,"57":1,"58":1,"59":3},"f":{"0":3,"1":27,"2":1,"3":2,"4":26,"5":2},"b":{"0":[2,1],"1":[1,1],"2":[1,1],"3":[25,1],"4":[1,1]},"_coverageSchema":"1a1c01bbd47fc00a2c39e90264f33305004495a9","hash":"8b9c4a9400431860a94d1e792578f3837c53eb43"}
,"D:\\Tugas\\PHASE 3\\Mediku-App\\server\\app\\Controllers\\ControllerDomicile.js": {"path":"D:\\Tugas\\PHASE 3\\Mediku-App\\server\\app\\Controllers\\ControllerDomicile.js","statementMap":{"0":{"start":{"line":1,"column":14},"end":{"line":1,"column":30}},"1":{"start":{"line":2,"column":21},"end":{"line":2,"column":78}},"2":{"start":{"line":6,"column":4},"end":{"line":12,"column":5}},"3":{"start":{"line":7,"column":18},"end":{"line":7,"column":30}},"4":{"start":{"line":8,"column":21},"end":{"line":8,"column":41}},"5":{"start":{"line":9,"column":6},"end":{"line":9,"column":56}},"6":{"start":{"line":11,"column":6},"end":{"line":11,"column":16}},"7":{"start":{"line":16,"column":19},"end":{"line":16,"column":29}},"8":{"start":{"line":17,"column":4},"end":{"line":28,"column":5}},"9":{"start":{"line":18,"column":21},"end":{"line":20,"column":7}},"10":{"start":{"line":21,"column":6},"end":{"line":25,"column":7}},"11":{"start":{"line":22,"column":8},"end":{"line":22,"column":41}},"12":{"start":{"line":24,"column":8},"end":{"line":24,"column":57}},"13":{"start":{"line":27,"column":6},"end":{"line":27,"column":16}},"14":{"start":{"line":32,"column":19},"end":{"line":32,"column":29}},"15":{"start":{"line":33,"column":4},"end":{"line":44,"column":5}},"16":{"start":{"line":34,"column":21},"end":{"line":36,"column":7}},"17":{"start":{"line":37,"column":6},"end":{"line":41,"column":7}},"18":{"start":{"line":38,"column":8},"end":{"line":38,"column":41}},"19":{"start":{"line":40,"column":8},"end":{"line":40,"column":52}},"20":{"start":{"line":43,"column":6},"end":{"line":43,"column":16}},"21":{"start":{"line":48,"column":19},"end":{"line":48,"column":29}},"22":{"start":{"line":49,"column":4},"end":{"line":60,"column":5}},"23":{"start":{"line":50,"column":21},"end":{"line":52,"column":7}},"24":{"start":{"line":53,"column":6},"end":{"line":57,"column":7}},"25":{"start":{"line":54,"column":8},"end":{"line":54,"column":41}},"26":{"start":{"line":56,"column":8},"end":{"line":56,"column":52}},"27":{"start":{"line":59,"column":6},"end":{"line":59,"column":16}},"28":{"start":{"line":64,"column":0},"end":{"line":64,"column":37}}},"fnMap":{"0":{"name":"(anonymous_0)","decl":{"start":{"line":5,"column":2},"end":{"line":5,"column":3}},"loc":{"start":{"line":5,"column":48},"end":{"line":13,"column":3}},"line":5},"1":{"name":"(anonymous_1)","decl":{"start":{"line":15,"column":2},"end":{"line":15,"column":3}},"loc":{"start":{"line":15,"column":58},"end":{"line":29,"column":3}},"line":15},"2":{"name":"(anonymous_2)","decl":{"start":{"line":31,"column":2},"end":{"line":31,"column":3}},"loc":{"start":{"line":31,"column":54},"end":{"line":45,"column":3}},"line":31},"3":{"name":"(anonymous_3)","decl":{"start":{"line":47,"column":2},"end":{"line":47,"column":3}},"loc":{"start":{"line":47,"column":58},"end":{"line":61,"column":3}},"line":47}},"branchMap":{"0":{"loc":{"start":{"line":21,"column":6},"end":{"line":25,"column":7}},"type":"if","locations":[{"start":{"line":21,"column":6},"end":{"line":25,"column":7}},{"start":{"line":21,"column":6},"end":{"line":25,"column":7}}],"line":21},"1":{"loc":{"start":{"line":37,"column":6},"end":{"line":41,"column":7}},"type":"if","locations":[{"start":{"line":37,"column":6},"end":{"line":41,"column":7}},{"start":{"line":37,"column":6},"end":{"line":41,"column":7}}],"line":37},"2":{"loc":{"start":{"line":53,"column":6},"end":{"line":57,"column":7}},"type":"if","locations":[{"start":{"line":53,"column":6},"end":{"line":57,"column":7}},{"start":{"line":53,"column":6},"end":{"line":57,"column":7}}],"line":53}},"s":{"0":3,"1":3,"2":0,"3":0,"4":0,"5":0,"6":0,"7":0,"8":0,"9":0,"10":0,"11":0,"12":0,"13":0,"14":0,"15":0,"16":0,"17":0,"18":0,"19":0,"20":0,"21":0,"22":0,"23":0,"24":0,"25":0,"26":0,"27":0,"28":3},"f":{"0":0,"1":0,"2":0,"3":0},"b":{"0":[0,0],"1":[0,0],"2":[0,0]},"_coverageSchema":"1a1c01bbd47fc00a2c39e90264f33305004495a9","hash":"312b1c15403e51282243f5ccbb31288e71e53796"}
,"D:\\Tugas\\PHASE 3\\Mediku-App\\server\\app\\Controllers\\ControllerPayment.js": {"path":"D:\\Tugas\\PHASE 3\\Mediku-App\\server\\app\\Controllers\\ControllerPayment.js","statementMap":{"0":{"start":{"line":1,"column":46},"end":{"line":1,"column":81}},"1":{"start":{"line":6,"column":22},"end":{"line":6,"column":30}},"2":{"start":{"line":7,"column":23},"end":{"line":7,"column":31}},"3":{"start":{"line":8,"column":21},"end":{"line":8,"column":56}},"4":{"start":{"line":9,"column":4},"end":{"line":24,"column":5}},"5":{"start":{"line":10,"column":22},"end":{"line":16,"column":8}},"6":{"start":{"line":18,"column":6},"end":{"line":21,"column":9}},"7":{"start":{"line":23,"column":6},"end":{"line":23,"column":34}},"8":{"start":{"line":30,"column":4},"end":{"line":52,"column":5}},"9":{"start":{"line":31,"column":19},"end":{"line":39,"column":7}},"10":{"start":{"line":41,"column":27},"end":{"line":48,"column":8}},"11":{"start":{"line":49,"column":6},"end":{"line":49,"column":40}},"12":{"start":{"line":51,"column":6},"end":{"line":51,"column":34}},"13":{"start":{"line":58,"column":4},"end":{"line":88,"column":5}},"14":{"start":{"line":59,"column":19},"end":{"line":67,"column":7}},"15":{"start":{"line":68,"column":27},"end":{"line":75,"column":8}},"16":{"start":{"line":76,"column":6},"end":{"line":85,"column":9}},"17":{"start":{"line":87,"column":6},"end":{"line":87,"column":34}},"18":{"start":{"line":92,"column":0},"end":{"line":92,"column":33}}},"fnMap":{"0":{"name":"(anonymous_0)","decl":{"start":{"line":4,"column":2},"end":{"line":4,"column":3}},"loc":{"start":{"line":4,"column":45},"end":{"line":25,"column":3}},"line":4},"1":{"name":"(anonymous_1)","decl":{"start":{"line":27,"column":2},"end":{"line":27,"column":3}},"loc":{"start":{"line":27,"column":48},"end":{"line":53,"column":3}},"line":27},"2":{"name":"(anonymous_2)","decl":{"start":{"line":55,"column":2},"end":{"line":55,"column":3}},"loc":{"start":{"line":55,"column":47},"end":{"line":89,"column":3}},"line":55}},"branchMap":{},"s":{"0":3,"1":0,"2":0,"3":0,"4":0,"5":0,"6":0,"7":0,"8":0,"9":0,"10":0,"11":0,"12":0,"13":0,"14":0,"15":0,"16":0,"17":0,"18":3},"f":{"0":0,"1":0,"2":0},"b":{},"_coverageSchema":"1a1c01bbd47fc00a2c39e90264f33305004495a9","hash":"90bb79441cba72b66be8969b6957398bfb2f2914"}
,"D:\\Tugas\\PHASE 3\\Mediku-App\\server\\app\\Controllers\\ControllerRegistrationClinic.js": {"path":"D:\\Tugas\\PHASE 3\\Mediku-App\\server\\app\\Controllers\\ControllerRegistrationClinic.js","statementMap":{"0":{"start":{"line":1,"column":39},"end":{"line":1,"column":59}},"1":{"start":{"line":2,"column":23},"end":{"line":2,"column":55}},"2":{"start":{"line":6,"column":4},"end":{"line":26,"column":5}},"3":{"start":{"line":7,"column":21},"end":{"line":22,"column":8}},"4":{"start":{"line":23,"column":6},"end":{"line":23,"column":35}},"5":{"start":{"line":25,"column":6},"end":{"line":25,"column":16}},"6":{"start":{"line":30,"column":4},"end":{"line":47,"column":5}},"7":{"start":{"line":31,"column":21},"end":{"line":43,"column":8}},"8":{"start":{"line":44,"column":6},"end":{"line":44,"column":35}},"9":{"start":{"line":46,"column":6},"end":{"line":46,"column":16}},"10":{"start":{"line":51,"column":19},"end":{"line":51,"column":29}},"11":{"start":{"line":52,"column":4},"end":{"line":68,"column":5}},"12":{"start":{"line":53,"column":21},"end":{"line":64,"column":8}},"13":{"start":{"line":65,"column":6},"end":{"line":65,"column":35}},"14":{"start":{"line":67,"column":6},"end":{"line":67,"column":16}},"15":{"start":{"line":72,"column":19},"end":{"line":72,"column":29}},"16":{"start":{"line":73,"column":4},"end":{"line":81,"column":5}},"17":{"start":{"line":74,"column":32},"end":{"line":74,"column":63}},"18":{"start":{"line":75,"column":6},"end":{"line":75,"column":52}},"19":{"start":{"line":76,"column":6},"end":{"line":78,"column":9}},"20":{"start":{"line":80,"column":6},"end":{"line":80,"column":16}},"21":{"start":{"line":85,"column":15},"end":{"line":85,"column":28}},"22":{"start":{"line":86,"column":4},"end":{"line":114,"column":5}},"23":{"start":{"line":87,"column":32},"end":{"line":98,"column":8}},"24":{"start":{"line":100,"column":6},"end":{"line":103,"column":8}},"25":{"start":{"line":104,"column":6},"end":{"line":108,"column":8}},"26":{"start":{"line":109,"column":6},"end":{"line":111,"column":9}},"27":{"start":{"line":113,"column":6},"end":{"line":113,"column":16}},"28":{"start":{"line":120,"column":19},"end":{"line":120,"column":29}},"29":{"start":{"line":122,"column":6},"end":{"line":122,"column":14}},"30":{"start":{"line":123,"column":19},"end":{"line":123,"column":30}},"31":{"start":{"line":124,"column":4},"end":{"line":128,"column":5}},"32":{"start":{"line":125,"column":6},"end":{"line":125,"column":21}},"33":{"start":{"line":127,"column":6},"end":{"line":127,"column":22}},"34":{"start":{"line":129,"column":4},"end":{"line":133,"column":5}},"35":{"start":{"line":130,"column":6},"end":{"line":130,"column":23}},"36":{"start":{"line":132,"column":6},"end":{"line":132,"column":24}},"37":{"start":{"line":134,"column":17},"end":{"line":144,"column":5}},"38":{"start":{"line":145,"column":4},"end":{"line":153,"column":5}},"39":{"start":{"line":146,"column":21},"end":{"line":149,"column":8}},"40":{"start":{"line":150,"column":6},"end":{"line":150,"column":41}},"41":{"start":{"line":152,"column":6},"end":{"line":152,"column":16}},"42":{"start":{"line":157,"column":0},"end":{"line":157,"column":46}}},"fnMap":{"0":{"name":"(anonymous_0)","decl":{"start":{"line":5,"column":2},"end":{"line":5,"column":3}},"loc":{"start":{"line":5,"column":56},"end":{"line":27,"column":3}},"line":5},"1":{"name":"(anonymous_1)","decl":{"start":{"line":29,"column":2},"end":{"line":29,"column":3}},"loc":{"start":{"line":29,"column":39},"end":{"line":48,"column":3}},"line":29},"2":{"name":"(anonymous_2)","decl":{"start":{"line":50,"column":2},"end":{"line":50,"column":3}},"loc":{"start":{"line":50,"column":51},"end":{"line":69,"column":3}},"line":50},"3":{"name":"(anonymous_3)","decl":{"start":{"line":71,"column":2},"end":{"line":71,"column":3}},"loc":{"start":{"line":71,"column":50},"end":{"line":82,"column":3}},"line":71},"4":{"name":"(anonymous_4)","decl":{"start":{"line":84,"column":2},"end":{"line":84,"column":3}},"loc":{"start":{"line":84,"column":46},"end":{"line":115,"column":3}},"line":84},"5":{"name":"(anonymous_5)","decl":{"start":{"line":117,"column":2},"end":{"line":117,"column":3}},"loc":{"start":{"line":117,"column":48},"end":{"line":154,"column":3}},"line":117}},"branchMap":{"0":{"loc":{"start":{"line":124,"column":4},"end":{"line":128,"column":5}},"type":"if","locations":[{"start":{"line":124,"column":4},"end":{"line":128,"column":5}},{"start":{"line":124,"column":4},"end":{"line":128,"column":5}}],"line":124},"1":{"loc":{"start":{"line":129,"column":4},"end":{"line":133,"column":5}},"type":"if","locations":[{"start":{"line":129,"column":4},"end":{"line":133,"column":5}},{"start":{"line":129,"column":4},"end":{"line":133,"column":5}}],"line":129}},"s":{"0":3,"1":3,"2":1,"3":1,"4":1,"5":0,"6":1,"7":1,"8":1,"9":0,"10":1,"11":1,"12":1,"13":1,"14":0,"15":1,"16":1,"17":1,"18":1,"19":1,"20":0,"21":1,"22":1,"23":1,"24":1,"25":1,"26":1,"27":0,"28":1,"29":1,"30":1,"31":1,"32":0,"33":1,"34":1,"35":0,"36":1,"37":1,"38":1,"39":1,"40":1,"41":0,"42":3},"f":{"0":1,"1":1,"2":1,"3":1,"4":1,"5":1},"b":{"0":[0,1],"1":[0,1]},"_coverageSchema":"1a1c01bbd47fc00a2c39e90264f33305004495a9","hash":"595f330ef667a3b6dcf32a002b1853b313b9a97b"}
,"D:\\Tugas\\PHASE 3\\Mediku-App\\server\\app\\Controllers\\ControllerRegistrationUser.js": {"path":"D:\\Tugas\\PHASE 3\\Mediku-App\\server\\app\\Controllers\\ControllerRegistrationUser.js","statementMap":{"0":{"start":{"line":1,"column":39},"end":{"line":1,"column":59}},"1":{"start":{"line":2,"column":23},"end":{"line":2,"column":55}},"2":{"start":{"line":6,"column":19},"end":{"line":6,"column":29}},"3":{"start":{"line":7,"column":4},"end":{"line":23,"column":5}},"4":{"start":{"line":8,"column":21},"end":{"line":19,"column":8}},"5":{"start":{"line":20,"column":6},"end":{"line":20,"column":35}},"6":{"start":{"line":22,"column":6},"end":{"line":22,"column":16}},"7":{"start":{"line":29,"column":64},"end":{"line":29,"column":72}},"8":{"start":{"line":30,"column":4},"end":{"line":34,"column":5}},"9":{"start":{"line":31,"column":6},"end":{"line":31,"column":21}},"10":{"start":{"line":33,"column":6},"end":{"line":33,"column":22}},"11":{"start":{"line":35,"column":4},"end":{"line":39,"column":5}},"12":{"start":{"line":36,"column":6},"end":{"line":36,"column":23}},"13":{"start":{"line":38,"column":6},"end":{"line":38,"column":24}},"14":{"start":{"line":41,"column":19},"end":{"line":41,"column":30}},"15":{"start":{"line":42,"column":4},"end":{"line":81,"column":5}},"16":{"start":{"line":43,"column":21},"end":{"line":52,"column":8}},"17":{"start":{"line":53,"column":6},"end":{"line":53,"column":35}},"18":{"start":{"line":54,"column":21},"end":{"line":54,"column":59}},"19":{"start":{"line":55,"column":6},"end":{"line":67,"column":8}},"20":{"start":{"line":68,"column":6},"end":{"line":76,"column":8}},"21":{"start":{"line":77,"column":6},"end":{"line":77,"column":35}},"22":{"start":{"line":79,"column":6},"end":{"line":79,"column":23}},"23":{"start":{"line":80,"column":6},"end":{"line":80,"column":16}},"24":{"start":{"line":85,"column":19},"end":{"line":85,"column":29}},"25":{"start":{"line":86,"column":64},"end":{"line":86,"column":72}},"26":{"start":{"line":87,"column":19},"end":{"line":87,"column":30}},"27":{"start":{"line":88,"column":17},"end":{"line":95,"column":5}},"28":{"start":{"line":96,"column":4},"end":{"line":104,"column":5}},"29":{"start":{"line":97,"column":21},"end":{"line":100,"column":8}},"30":{"start":{"line":101,"column":6},"end":{"line":101,"column":41}},"31":{"start":{"line":103,"column":6},"end":{"line":103,"column":16}},"32":{"start":{"line":108,"column":0},"end":{"line":108,"column":44}}},"fnMap":{"0":{"name":"(anonymous_0)","decl":{"start":{"line":5,"column":2},"end":{"line":5,"column":3}},"loc":{"start":{"line":5,"column":51},"end":{"line":24,"column":3}},"line":5},"1":{"name":"(anonymous_1)","decl":{"start":{"line":26,"column":2},"end":{"line":26,"column":3}},"loc":{"start":{"line":26,"column":50},"end":{"line":82,"column":3}},"line":26},"2":{"name":"(anonymous_2)","decl":{"start":{"line":84,"column":2},"end":{"line":84,"column":3}},"loc":{"start":{"line":84,"column":48},"end":{"line":105,"column":3}},"line":84}},"branchMap":{"0":{"loc":{"start":{"line":30,"column":4},"end":{"line":34,"column":5}},"type":"if","locations":[{"start":{"line":30,"column":4},"end":{"line":34,"column":5}},{"start":{"line":30,"column":4},"end":{"line":34,"column":5}}],"line":30},"1":{"loc":{"start":{"line":35,"column":4},"end":{"line":39,"column":5}},"type":"if","locations":[{"start":{"line":35,"column":4},"end":{"line":39,"column":5}},{"start":{"line":35,"column":4},"end":{"line":39,"column":5}}],"line":35}},"s":{"0":3,"1":3,"2":1,"3":1,"4":1,"5":1,"6":0,"7":11,"8":11,"9":1,"10":10,"11":11,"12":0,"13":11,"14":11,"15":11,"16":11,"17":2,"18":2,"19":2,"20":2,"21":2,"22":11,"23":11,"24":1,"25":1,"26":1,"27":1,"28":1,"29":1,"30":1,"31":0,"32":3},"f":{"0":1,"1":11,"2":1},"b":{"0":[1,10],"1":[0,11]},"_coverageSchema":"1a1c01bbd47fc00a2c39e90264f33305004495a9","hash":"d8f57eb1da7930cc3cc358de314ae39b858766d6"}
,"D:\\Tugas\\PHASE 3\\Mediku-App\\server\\app\\Controllers\\ControllerUser.js": {"path":"D:\\Tugas\\PHASE 3\\Mediku-App\\server\\app\\Controllers\\ControllerUser.js","statementMap":{"0":{"start":{"line":1,"column":17},"end":{"line":1,"column":37}},"1":{"start":{"line":2,"column":22},"end":{"line":2,"column":47}},"2":{"start":{"line":3,"column":40},"end":{"line":3,"column":70}},"3":{"start":{"line":4,"column":25},"end":{"line":4,"column":55}},"4":{"start":{"line":5,"column":15},"end":{"line":5,"column":61}},"5":{"start":{"line":24,"column":8},"end":{"line":24,"column":16}},"6":{"start":{"line":25,"column":4},"end":{"line":60,"column":5}},"7":{"start":{"line":26,"column":21},"end":{"line":41,"column":8}},"8":{"start":{"line":42,"column":6},"end":{"line":57,"column":9}},"9":{"start":{"line":59,"column":6},"end":{"line":59,"column":16}},"10":{"start":{"line":64,"column":32},"end":{"line":64,"column":40}},"11":{"start":{"line":65,"column":4},"end":{"line":94,"column":5}},"12":{"start":{"line":66,"column":21},"end":{"line":66,"column":61}},"13":{"start":{"line":67,"column":6},"end":{"line":91,"column":7}},"14":{"start":{"line":68,"column":29},"end":{"line":71,"column":10}},"15":{"start":{"line":72,"column":8},"end":{"line":88,"column":11}},"16":{"start":{"line":90,"column":8},"end":{"line":90,"column":39}},"17":{"start":{"line":93,"column":6},"end":{"line":93,"column":16}},"18":{"start":{"line":113,"column":8},"end":{"line":113,"column":16}},"19":{"start":{"line":114,"column":17},"end":{"line":129,"column":5}},"20":{"start":{"line":130,"column":4},"end":{"line":154,"column":5}},"21":{"start":{"line":131,"column":21},"end":{"line":135,"column":8}},"22":{"start":{"line":136,"column":6},"end":{"line":151,"column":9}},"23":{"start":{"line":153,"column":6},"end":{"line":153,"column":16}},"24":{"start":{"line":158,"column":19},"end":{"line":158,"column":27}},"25":{"start":{"line":159,"column":4},"end":{"line":179,"column":5}},"26":{"start":{"line":160,"column":19},"end":{"line":160,"column":42}},"27":{"start":{"line":161,"column":6},"end":{"line":176,"column":9}},"28":{"start":{"line":178,"column":6},"end":{"line":178,"column":16}},"29":{"start":{"line":183,"column":19},"end":{"line":183,"column":29}},"30":{"start":{"line":184,"column":4},"end":{"line":192,"column":5}},"31":{"start":{"line":185,"column":24},"end":{"line":185,"column":47}},"32":{"start":{"line":186,"column":6},"end":{"line":186,"column":44}},"33":{"start":{"line":187,"column":6},"end":{"line":189,"column":75}},"34":{"start":{"line":191,"column":6},"end":{"line":191,"column":16}},"35":{"start":{"line":196,"column":4},"end":{"line":258,"column":5}},"36":{"start":{"line":197,"column":21},"end":{"line":200,"column":8}},"37":{"start":{"line":201,"column":30},"end":{"line":201,"column":49}},"38":{"start":{"line":202,"column":30},"end":{"line":220,"column":8}},"39":{"start":{"line":221,"column":6},"end":{"line":255,"column":7}},"40":{"start":{"line":222,"column":29},"end":{"line":237,"column":10}},"41":{"start":{"line":238,"column":8},"end":{"line":254,"column":11}},"42":{"start":{"line":257,"column":6},"end":{"line":257,"column":16}},"43":{"start":{"line":262,"column":0},"end":{"line":262,"column":32}}},"fnMap":{"0":{"name":"(anonymous_0)","decl":{"start":{"line":8,"column":2},"end":{"line":8,"column":3}},"loc":{"start":{"line":8,"column":40},"end":{"line":61,"column":3}},"line":8},"1":{"name":"(anonymous_1)","decl":{"start":{"line":63,"column":2},"end":{"line":63,"column":3}},"loc":{"start":{"line":63,"column":37},"end":{"line":95,"column":3}},"line":63},"2":{"name":"(anonymous_2)","decl":{"start":{"line":97,"column":2},"end":{"line":97,"column":3}},"loc":{"start":{"line":97,"column":47},"end":{"line":155,"column":3}},"line":97},"3":{"name":"(anonymous_3)","decl":{"start":{"line":157,"column":2},"end":{"line":157,"column":3}},"loc":{"start":{"line":157,"column":45},"end":{"line":180,"column":3}},"line":157},"4":{"name":"(anonymous_4)","decl":{"start":{"line":182,"column":2},"end":{"line":182,"column":3}},"loc":{"start":{"line":182,"column":42},"end":{"line":193,"column":3}},"line":182},"5":{"name":"(anonymous_5)","decl":{"start":{"line":195,"column":2},"end":{"line":195,"column":3}},"loc":{"start":{"line":195,"column":47},"end":{"line":259,"column":3}},"line":195}},"branchMap":{"0":{"loc":{"start":{"line":67,"column":6},"end":{"line":91,"column":7}},"type":"if","locations":[{"start":{"line":67,"column":6},"end":{"line":91,"column":7}},{"start":{"line":67,"column":6},"end":{"line":91,"column":7}}],"line":67},"1":{"loc":{"start":{"line":67,"column":10},"end":{"line":67,"column":60}},"type":"binary-expr","locations":[{"start":{"line":67,"column":10},"end":{"line":67,"column":16}},{"start":{"line":67,"column":20},"end":{"line":67,"column":60}}],"line":67},"2":{"loc":{"start":{"line":221,"column":6},"end":{"line":255,"column":7}},"type":"if","locations":[{"start":{"line":221,"column":6},"end":{"line":255,"column":7}},{"start":{"line":221,"column":6},"end":{"line":255,"column":7}}],"line":221}},"s":{"0":3,"1":3,"2":3,"3":3,"4":3,"5":31,"6":31,"7":31,"8":1,"9":30,"10":3,"11":3,"12":3,"13":3,"14":1,"15":1,"16":2,"17":2,"18":31,"19":31,"20":31,"21":31,"22":1,"23":30,"24":1,"25":1,"26":1,"27":1,"28":0,"29":1,"30":1,"31":1,"32":1,"33":1,"34":0,"35":0,"36":0,"37":0,"38":0,"39":0,"40":0,"41":0,"42":0,"43":3},"f":{"0":31,"1":3,"2":31,"3":1,"4":1,"5":0},"b":{"0":[1,2],"1":[3,1],"2":[0,0]},"_coverageSchema":"1a1c01bbd47fc00a2c39e90264f33305004495a9","hash":"497b17141b330b4579744d4516d57d7ed7eb754f"}
,"D:\\Tugas\\PHASE 3\\Mediku-App\\server\\app\\helpers\\bcryptjs.js": {"path":"D:\\Tugas\\PHASE 3\\Mediku-App\\server\\app\\helpers\\bcryptjs.js","statementMap":{"0":{"start":{"line":1,"column":18},"end":{"line":1,"column":37}},"1":{"start":{"line":4,"column":4},"end":{"line":4,"column":61}},"2":{"start":{"line":8,"column":4},"end":{"line":8,"column":44}},"3":{"start":{"line":11,"column":0},"end":{"line":11,"column":48}}},"fnMap":{"0":{"name":"hashPassword","decl":{"start":{"line":3,"column":9},"end":{"line":3,"column":21}},"loc":{"start":{"line":3,"column":29},"end":{"line":5,"column":1}},"line":3},"1":{"name":"checkPassword","decl":{"start":{"line":7,"column":9},"end":{"line":7,"column":22}},"loc":{"start":{"line":7,"column":36},"end":{"line":9,"column":1}},"line":7}},"branchMap":{},"s":{"0":3,"1":23,"2":3,"3":3},"f":{"0":23,"1":3},"b":{},"_coverageSchema":"1a1c01bbd47fc00a2c39e90264f33305004495a9","hash":"bcb5a499af60a8f4d3f7ba3b1c2b334ce82d7f35"}
,"D:\\Tugas\\PHASE 3\\Mediku-App\\server\\app\\helpers\\jwt.js": {"path":"D:\\Tugas\\PHASE 3\\Mediku-App\\server\\app\\helpers\\jwt.js","statementMap":{"0":{"start":{"line":1,"column":12},"end":{"line":1,"column":35}},"1":{"start":{"line":4,"column":4},"end":{"line":4,"column":50}},"2":{"start":{"line":8,"column":4},"end":{"line":8,"column":50}},"3":{"start":{"line":11,"column":0},"end":{"line":11,"column":43}}},"fnMap":{"0":{"name":"signToken","decl":{"start":{"line":3,"column":9},"end":{"line":3,"column":18}},"loc":{"start":{"line":3,"column":28},"end":{"line":5,"column":1}},"line":3},"1":{"name":"verifyToken","decl":{"start":{"line":7,"column":9},"end":{"line":7,"column":20}},"loc":{"start":{"line":7,"column":28},"end":{"line":9,"column":1}},"line":7}},"branchMap":{},"s":{"0":3,"1":16,"2":68,"3":3},"f":{"0":16,"1":68},"b":{},"_coverageSchema":"1a1c01bbd47fc00a2c39e90264f33305004495a9","hash":"35b2621d04d005a8e25d0e57f6b5eff0b71fb3e8"}
,"D:\\Tugas\\PHASE 3\\Mediku-App\\server\\app\\helpers\\nodemailer.js": {"path":"D:\\Tugas\\PHASE 3\\Mediku-App\\server\\app\\helpers\\nodemailer.js","statementMap":{"0":{"start":{"line":1,"column":19},"end":{"line":1,"column":40}},"1":{"start":{"line":2,"column":19},"end":{"line":2,"column":40}},"2":{"start":{"line":3,"column":15},"end":{"line":3,"column":33}},"3":{"start":{"line":5,"column":21},"end":{"line":9,"column":1}},"4":{"start":{"line":11,"column":0},"end":{"line":14,"column":3}},"5":{"start":{"line":15,"column":20},"end":{"line":15,"column":49}},"6":{"start":{"line":18,"column":22},"end":{"line":30,"column":4}},"7":{"start":{"line":32,"column":19},"end":{"line":37,"column":3}},"8":{"start":{"line":39,"column":2},"end":{"line":39,"column":33}},"9":{"start":{"line":42,"column":0},"end":{"line":42,"column":32}}},"fnMap":{"0":{"name":"sendNodemailer","decl":{"start":{"line":17,"column":9},"end":{"line":17,"column":23}},"loc":{"start":{"line":17,"column":48},"end":{"line":40,"column":1}},"line":17}},"branchMap":{},"s":{"0":3,"1":3,"2":3,"3":3,"4":3,"5":3,"6":5,"7":5,"8":5,"9":3},"f":{"0":5},"b":{},"_coverageSchema":"1a1c01bbd47fc00a2c39e90264f33305004495a9","hash":"b7723e417d2e9b4dc21f9659e6d56fec368f5982"}
,"D:\\Tugas\\PHASE 3\\Mediku-App\\server\\app\\helpers\\xenditPayment.js": {"path":"D:\\Tugas\\PHASE 3\\Mediku-App\\server\\app\\helpers\\xenditPayment.js","statementMap":{"0":{"start":{"line":1,"column":15},"end":{"line":1,"column":37}},"1":{"start":{"line":2,"column":10},"end":{"line":4,"column":2}},"2":{"start":{"line":5,"column":34},"end":{"line":5,"column":35}},"3":{"start":{"line":6,"column":31},"end":{"line":6,"column":33}},"4":{"start":{"line":7,"column":36},"end":{"line":7,"column":38}},"5":{"start":{"line":8,"column":22},"end":{"line":8,"column":57}},"6":{"start":{"line":9,"column":27},"end":{"line":9,"column":72}},"7":{"start":{"line":11,"column":0},"end":{"line":11,"column":55}}},"fnMap":{},"branchMap":{},"s":{"0":3,"1":3,"2":3,"3":3,"4":3,"5":3,"6":3,"7":3},"f":{},"b":{},"_coverageSchema":"1a1c01bbd47fc00a2c39e90264f33305004495a9","hash":"f1468d0feec459ee04ee2ca17bb8b5e1c22cd8ff"}
,"D:\\Tugas\\PHASE 3\\Mediku-App\\server\\app\\middlewares\\ErrorHandler.js": {"path":"D:\\Tugas\\PHASE 3\\Mediku-App\\server\\app\\middlewares\\ErrorHandler.js","statementMap":{"0":{"start":{"line":1,"column":0},"end":{"line":34,"column":2}},"1":{"start":{"line":2,"column":13},"end":{"line":2,"column":28}},"2":{"start":{"line":3,"column":16},"end":{"line":3,"column":39}},"3":{"start":{"line":5,"column":2},"end":{"line":32,"column":3}},"4":{"start":{"line":6,"column":4},"end":{"line":6,"column":15}},"5":{"start":{"line":7,"column":4},"end":{"line":7,"column":53}},"6":{"start":{"line":8,"column":9},"end":{"line":32,"column":3}},"7":{"start":{"line":9,"column":17},"end":{"line":11,"column":6}},"8":{"start":{"line":10,"column":6},"end":{"line":10,"column":23}},"9":{"start":{"line":12,"column":4},"end":{"line":12,"column":15}},"10":{"start":{"line":13,"column":4},"end":{"line":13,"column":21}},"11":{"start":{"line":14,"column":9},"end":{"line":32,"column":3}},"12":{"start":{"line":15,"column":4},"end":{"line":15,"column":15}},"13":{"start":{"line":16,"column":4},"end":{"line":16,"column":40}},"14":{"start":{"line":17,"column":9},"end":{"line":32,"column":3}},"15":{"start":{"line":18,"column":4},"end":{"line":18,"column":15}},"16":{"start":{"line":19,"column":4},"end":{"line":19,"column":30}},"17":{"start":{"line":20,"column":9},"end":{"line":32,"column":3}},"18":{"start":{"line":21,"column":4},"end":{"line":21,"column":15}},"19":{"start":{"line":22,"column":4},"end":{"line":22,"column":35}},"20":{"start":{"line":23,"column":9},"end":{"line":32,"column":3}},"21":{"start":{"line":24,"column":4},"end":{"line":24,"column":15}},"22":{"start":{"line":25,"column":4},"end":{"line":25,"column":31}},"23":{"start":{"line":26,"column":9},"end":{"line":32,"column":3}},"24":{"start":{"line":27,"column":4},"end":{"line":27,"column":15}},"25":{"start":{"line":28,"column":4},"end":{"line":28,"column":33}},"26":{"start":{"line":29,"column":9},"end":{"line":32,"column":3}},"27":{"start":{"line":30,"column":4},"end":{"line":30,"column":15}},"28":{"start":{"line":31,"column":4},"end":{"line":31,"column":39}},"29":{"start":{"line":33,"column":2},"end":{"line":33,"column":37}}},"fnMap":{"0":{"name":"(anonymous_0)","decl":{"start":{"line":1,"column":17},"end":{"line":1,"column":18}},"loc":{"start":{"line":1,"column":48},"end":{"line":34,"column":1}},"line":1},"1":{"name":"(anonymous_1)","decl":{"start":{"line":9,"column":32},"end":{"line":9,"column":33}},"loc":{"start":{"line":9,"column":39},"end":{"line":11,"column":5}},"line":9}},"branchMap":{"0":{"loc":{"start":{"line":2,"column":13},"end":{"line":2,"column":28}},"type":"binary-expr","locations":[{"start":{"line":2,"column":13},"end":{"line":2,"column":21}},{"start":{"line":2,"column":25},"end":{"line":2,"column":28}}],"line":2},"1":{"loc":{"start":{"line":5,"column":2},"end":{"line":32,"column":3}},"type":"if","locations":[{"start":{"line":5,"column":2},"end":{"line":32,"column":3}},{"start":{"line":5,"column":2},"end":{"line":32,"column":3}}],"line":5},"2":{"loc":{"start":{"line":8,"column":9},"end":{"line":32,"column":3}},"type":"if","locations":[{"start":{"line":8,"column":9},"end":{"line":32,"column":3}},{"start":{"line":8,"column":9},"end":{"line":32,"column":3}}],"line":8},"3":{"loc":{"start":{"line":14,"column":9},"end":{"line":32,"column":3}},"type":"if","locations":[{"start":{"line":14,"column":9},"end":{"line":32,"column":3}},{"start":{"line":14,"column":9},"end":{"line":32,"column":3}}],"line":14},"4":{"loc":{"start":{"line":17,"column":9},"end":{"line":32,"column":3}},"type":"if","locations":[{"start":{"line":17,"column":9},"end":{"line":32,"column":3}},{"start":{"line":17,"column":9},"end":{"line":32,"column":3}}],"line":17},"5":{"loc":{"start":{"line":20,"column":9},"end":{"line":32,"column":3}},"type":"if","locations":[{"start":{"line":20,"column":9},"end":{"line":32,"column":3}},{"start":{"line":20,"column":9},"end":{"line":32,"column":3}}],"line":20},"6":{"loc":{"start":{"line":23,"column":9},"end":{"line":32,"column":3}},"type":"if","locations":[{"start":{"line":23,"column":9},"end":{"line":32,"column":3}},{"start":{"line":23,"column":9},"end":{"line":32,"column":3}}],"line":23},"7":{"loc":{"start":{"line":26,"column":9},"end":{"line":32,"column":3}},"type":"if","locations":[{"start":{"line":26,"column":9},"end":{"line":32,"column":3}},{"start":{"line":26,"column":9},"end":{"line":32,"column":3}}],"line":26},"8":{"loc":{"start":{"line":29,"column":9},"end":{"line":32,"column":3}},"type":"if","locations":[{"start":{"line":29,"column":9},"end":{"line":32,"column":3}},{"start":{"line":29,"column":9},"end":{"line":32,"column":3}}],"line":29}},"s":{"0":3,"1":154,"2":154,"3":154,"4":2,"5":2,"6":152,"7":117,"8":123,"9":117,"10":117,"11":35,"12":4,"13":4,"14":31,"15":2,"16":2,"17":29,"18":10,"19":10,"20":19,"21":7,"22":7,"23":12,"24":3,"25":3,"26":9,"27":7,"28":7,"29":154},"f":{"0":154,"1":123},"b":{"0":[154,152],"1":[2,152],"2":[117,35],"3":[4,31],"4":[2,29],"5":[10,19],"6":[7,12],"7":[3,9],"8":[7,2]},"_coverageSchema":"1a1c01bbd47fc00a2c39e90264f33305004495a9","hash":"89cfc0c0d75763b8852595cd254fad135a169e67"}
,"D:\\Tugas\\PHASE 3\\Mediku-App\\server\\app\\middlewares\\authentication.js": {"path":"D:\\Tugas\\PHASE 3\\Mediku-App\\server\\app\\middlewares\\authentication.js","statementMap":{"0":{"start":{"line":1,"column":24},"end":{"line":1,"column":49}},"1":{"start":{"line":2,"column":25},"end":{"line":2,"column":45}},"2":{"start":{"line":5,"column":2},"end":{"line":32,"column":3}},"3":{"start":{"line":6,"column":29},"end":{"line":6,"column":40}},"4":{"start":{"line":7,"column":4},"end":{"line":29,"column":5}},"5":{"start":{"line":8,"column":23},"end":{"line":8,"column":48}},"6":{"start":{"line":9,"column":19},"end":{"line":9,"column":51}},"7":{"start":{"line":10,"column":6},"end":{"line":25,"column":7}},"8":{"start":{"line":26,"column":6},"end":{"line":26,"column":12}},"9":{"start":{"line":28,"column":6},"end":{"line":28,"column":42}},"10":{"start":{"line":31,"column":4},"end":{"line":31,"column":13}},"11":{"start":{"line":36,"column":2},"end":{"line":51,"column":3}},"12":{"start":{"line":37,"column":29},"end":{"line":37,"column":40}},"13":{"start":{"line":38,"column":4},"end":{"line":48,"column":5}},"14":{"start":{"line":39,"column":23},"end":{"line":39,"column":48}},"15":{"start":{"line":40,"column":21},"end":{"line":40,"column":55}},"16":{"start":{"line":41,"column":6},"end":{"line":44,"column":7}},"17":{"start":{"line":45,"column":6},"end":{"line":45,"column":12}},"18":{"start":{"line":47,"column":6},"end":{"line":47,"column":42}},"19":{"start":{"line":50,"column":4},"end":{"line":50,"column":13}},"20":{"start":{"line":53,"column":0},"end":{"line":53,"column":61}}},"fnMap":{"0":{"name":"authenticationUser","decl":{"start":{"line":4,"column":15},"end":{"line":4,"column":33}},"loc":{"start":{"line":4,"column":50},"end":{"line":33,"column":1}},"line":4},"1":{"name":"authenticationClinic","decl":{"start":{"line":35,"column":15},"end":{"line":35,"column":35}},"loc":{"start":{"line":35,"column":52},"end":{"line":52,"column":1}},"line":35}},"branchMap":{"0":{"loc":{"start":{"line":7,"column":4},"end":{"line":29,"column":5}},"type":"if","locations":[{"start":{"line":7,"column":4},"end":{"line":29,"column":5}},{"start":{"line":7,"column":4},"end":{"line":29,"column":5}}],"line":7},"1":{"loc":{"start":{"line":38,"column":4},"end":{"line":48,"column":5}},"type":"if","locations":[{"start":{"line":38,"column":4},"end":{"line":48,"column":5}},{"start":{"line":38,"column":4},"end":{"line":48,"column":5}}],"line":38}},"s":{"0":3,"1":3,"2":61,"3":61,"4":61,"5":55,"6":53,"7":53,"8":53,"9":6,"10":8,"11":17,"12":17,"13":17,"14":13,"15":13,"16":13,"17":13,"18":4,"19":4,"20":3},"f":{"0":61,"1":17},"b":{"0":[55,6],"1":[13,4]},"_coverageSchema":"1a1c01bbd47fc00a2c39e90264f33305004495a9","hash":"cefedc273c3cb544b16c4c2a62bde3ba09aeb468"}
,"D:\\Tugas\\PHASE 3\\Mediku-App\\server\\app\\middlewares\\authorization.js": {"path":"D:\\Tugas\\PHASE 3\\Mediku-App\\server\\app\\middlewares\\authorization.js","statementMap":{"0":{"start":{"line":1,"column":31},"end":{"line":1,"column":51}},"1":{"start":{"line":3,"column":26},"end":{"line":19,"column":1}},"2":{"start":{"line":4,"column":13},"end":{"line":4,"column":27}},"3":{"start":{"line":5,"column":2},"end":{"line":18,"column":3}},"4":{"start":{"line":6,"column":30},"end":{"line":6,"column":61}},"5":{"start":{"line":7,"column":4},"end":{"line":15,"column":5}},"6":{"start":{"line":8,"column":6},"end":{"line":12,"column":7}},"7":{"start":{"line":9,"column":8},"end":{"line":9,"column":15}},"8":{"start":{"line":11,"column":8},"end":{"line":11,"column":49}},"9":{"start":{"line":14,"column":6},"end":{"line":14,"column":39}},"10":{"start":{"line":17,"column":4},"end":{"line":17,"column":14}},"11":{"start":{"line":21,"column":33},"end":{"line":37,"column":1}},"12":{"start":{"line":22,"column":17},"end":{"line":22,"column":27}},"13":{"start":{"line":23,"column":2},"end":{"line":36,"column":3}},"14":{"start":{"line":24,"column":22},"end":{"line":24,"column":45}},"15":{"start":{"line":25,"column":4},"end":{"line":33,"column":5}},"16":{"start":{"line":26,"column":6},"end":{"line":30,"column":7}},"17":{"start":{"line":27,"column":8},"end":{"line":27,"column":15}},"18":{"start":{"line":29,"column":8},"end":{"line":29,"column":49}},"19":{"start":{"line":32,"column":6},"end":{"line":32,"column":39}},"20":{"start":{"line":35,"column":4},"end":{"line":35,"column":14}},"21":{"start":{"line":39,"column":28},"end":{"line":55,"column":1}},"22":{"start":{"line":40,"column":13},"end":{"line":40,"column":27}},"23":{"start":{"line":41,"column":2},"end":{"line":54,"column":3}},"24":{"start":{"line":42,"column":30},"end":{"line":42,"column":61}},"25":{"start":{"line":43,"column":4},"end":{"line":51,"column":5}},"26":{"start":{"line":44,"column":6},"end":{"line":48,"column":7}},"27":{"start":{"line":45,"column":8},"end":{"line":45,"column":15}},"28":{"start":{"line":47,"column":8},"end":{"line":47,"column":49}},"29":{"start":{"line":50,"column":6},"end":{"line":50,"column":39}},"30":{"start":{"line":53,"column":4},"end":{"line":53,"column":14}},"31":{"start":{"line":57,"column":0},"end":{"line":61,"column":2}}},"fnMap":{"0":{"name":"(anonymous_0)","decl":{"start":{"line":3,"column":26},"end":{"line":3,"column":27}},"loc":{"start":{"line":3,"column":52},"end":{"line":19,"column":1}},"line":3},"1":{"name":"(anonymous_1)","decl":{"start":{"line":21,"column":33},"end":{"line":21,"column":34}},"loc":{"start":{"line":21,"column":59},"end":{"line":37,"column":1}},"line":21},"2":{"name":"(anonymous_2)","decl":{"start":{"line":39,"column":28},"end":{"line":39,"column":29}},"loc":{"start":{"line":39,"column":54},"end":{"line":55,"column":1}},"line":39}},"branchMap":{"0":{"loc":{"start":{"line":7,"column":4},"end":{"line":15,"column":5}},"type":"if","locations":[{"start":{"line":7,"column":4},"end":{"line":15,"column":5}},{"start":{"line":7,"column":4},"end":{"line":15,"column":5}}],"line":7},"1":{"loc":{"start":{"line":8,"column":6},"end":{"line":12,"column":7}},"type":"if","locations":[{"start":{"line":8,"column":6},"end":{"line":12,"column":7}},{"start":{"line":8,"column":6},"end":{"line":12,"column":7}}],"line":8},"2":{"loc":{"start":{"line":25,"column":4},"end":{"line":33,"column":5}},"type":"if","locations":[{"start":{"line":25,"column":4},"end":{"line":33,"column":5}},{"start":{"line":25,"column":4},"end":{"line":33,"column":5}}],"line":25},"3":{"loc":{"start":{"line":26,"column":6},"end":{"line":30,"column":7}},"type":"if","locations":[{"start":{"line":26,"column":6},"end":{"line":30,"column":7}},{"start":{"line":26,"column":6},"end":{"line":30,"column":7}}],"line":26},"4":{"loc":{"start":{"line":43,"column":4},"end":{"line":51,"column":5}},"type":"if","locations":[{"start":{"line":43,"column":4},"end":{"line":51,"column":5}},{"start":{"line":43,"column":4},"end":{"line":51,"column":5}}],"line":43},"5":{"loc":{"start":{"line":44,"column":6},"end":{"line":48,"column":7}},"type":"if","locations":[{"start":{"line":44,"column":6},"end":{"line":48,"column":7}},{"start":{"line":44,"column":6},"end":{"line":48,"column":7}}],"line":44}},"s":{"0":3,"1":3,"2":7,"3":7,"4":7,"5":7,"6":5,"7":2,"8":3,"9":2,"10":5,"11":3,"12":3,"13":3,"14":3,"15":3,"16":2,"17":1,"18":1,"19":1,"20":2,"21":3,"22":11,"23":11,"24":11,"25":11,"26":7,"27":4,"28":3,"29":4,"30":7,"31":3},"f":{"0":7,"1":3,"2":11},"b":{"0":[5,2],"1":[2,3],"2":[2,1],"3":[1,1],"4":[7,4],"5":[4,3]},"_coverageSchema":"1a1c01bbd47fc00a2c39e90264f33305004495a9","hash":"1a5984d1b4d2b63969d711967d6baaec59cda2e4"}
,"D:\\Tugas\\PHASE 3\\Mediku-App\\server\\app\\models\\clinic.js": {"path":"D:\\Tugas\\PHASE 3\\Mediku-App\\server\\app\\models\\clinic.js","statementMap":{"0":{"start":{"line":2,"column":18},"end":{"line":2,"column":38}},"1":{"start":{"line":3,"column":25},"end":{"line":3,"column":55}},"2":{"start":{"line":4,"column":0},"end":{"line":195,"column":2}},"3":{"start":{"line":12,"column":6},"end":{"line":14,"column":9}},"4":{"start":{"line":17,"column":2},"end":{"line":193,"column":4}},"5":{"start":{"line":180,"column":10},"end":{"line":180,"column":78}},"6":{"start":{"line":181,"column":28},"end":{"line":181,"column":55}},"7":{"start":{"line":182,"column":10},"end":{"line":182,"column":36}},"8":{"start":{"line":185,"column":10},"end":{"line":185,"column":78}},"9":{"start":{"line":186,"column":28},"end":{"line":186,"column":55}},"10":{"start":{"line":187,"column":10},"end":{"line":187,"column":36}},"11":{"start":{"line":194,"column":2},"end":{"line":194,"column":16}}},"fnMap":{"0":{"name":"(anonymous_0)","decl":{"start":{"line":4,"column":17},"end":{"line":4,"column":18}},"loc":{"start":{"line":4,"column":43},"end":{"line":195,"column":1}},"line":4},"1":{"name":"(anonymous_1)","decl":{"start":{"line":11,"column":4},"end":{"line":11,"column":5}},"loc":{"start":{"line":11,"column":29},"end":{"line":15,"column":5}},"line":11},"2":{"name":"(anonymous_2)","decl":{"start":{"line":179,"column":22},"end":{"line":179,"column":23}},"loc":{"start":{"line":179,"column":41},"end":{"line":183,"column":9}},"line":179},"3":{"name":"(anonymous_3)","decl":{"start":{"line":184,"column":22},"end":{"line":184,"column":23}},"loc":{"start":{"line":184,"column":41},"end":{"line":188,"column":9}},"line":184}},"branchMap":{},"s":{"0":3,"1":3,"2":3,"3":3,"4":3,"5":4,"6":4,"7":4,"8":0,"9":0,"10":0,"11":3},"f":{"0":3,"1":3,"2":4,"3":0},"b":{},"_coverageSchema":"1a1c01bbd47fc00a2c39e90264f33305004495a9","hash":"e8fd3ab78fee53cb5bfc1f0117ae7cd1bf9b0f87"}
,"D:\\Tugas\\PHASE 3\\Mediku-App\\server\\app\\models\\index.js": {"path":"D:\\Tugas\\PHASE 3\\Mediku-App\\server\\app\\models\\index.js","statementMap":{"0":{"start":{"line":3,"column":11},"end":{"line":3,"column":24}},"1":{"start":{"line":4,"column":13},"end":{"line":4,"column":28}},"2":{"start":{"line":5,"column":18},"end":{"line":5,"column":38}},"3":{"start":{"line":6,"column":17},"end":{"line":6,"column":42}},"4":{"start":{"line":7,"column":12},"end":{"line":7,"column":49}},"5":{"start":{"line":8,"column":15},"end":{"line":8,"column":65}},"6":{"start":{"line":9,"column":11},"end":{"line":9,"column":13}},"7":{"start":{"line":12,"column":0},"end":{"line":16,"column":1}},"8":{"start":{"line":13,"column":2},"end":{"line":13,"column":74}},"9":{"start":{"line":15,"column":2},"end":{"line":15,"column":87}},"10":{"start":{"line":18,"column":0},"end":{"line":26,"column":5}},"11":{"start":{"line":21,"column":4},"end":{"line":21,"column":90}},"12":{"start":{"line":24,"column":18},"end":{"line":24,"column":85}},"13":{"start":{"line":25,"column":4},"end":{"line":25,"column":27}},"14":{"start":{"line":28,"column":0},"end":{"line":32,"column":3}},"15":{"start":{"line":29,"column":2},"end":{"line":31,"column":3}},"16":{"start":{"line":30,"column":4},"end":{"line":30,"column":32}},"17":{"start":{"line":34,"column":0},"end":{"line":34,"column":25}},"18":{"start":{"line":35,"column":0},"end":{"line":35,"column":25}},"19":{"start":{"line":37,"column":0},"end":{"line":37,"column":20}}},"fnMap":{"0":{"name":"(anonymous_0)","decl":{"start":{"line":20,"column":10},"end":{"line":20,"column":11}},"loc":{"start":{"line":20,"column":18},"end":{"line":22,"column":3}},"line":20},"1":{"name":"(anonymous_1)","decl":{"start":{"line":23,"column":11},"end":{"line":23,"column":12}},"loc":{"start":{"line":23,"column":19},"end":{"line":26,"column":3}},"line":23},"2":{"name":"(anonymous_2)","decl":{"start":{"line":28,"column":24},"end":{"line":28,"column":25}},"loc":{"start":{"line":28,"column":37},"end":{"line":32,"column":1}},"line":28}},"branchMap":{"0":{"loc":{"start":{"line":7,"column":12},"end":{"line":7,"column":49}},"type":"binary-expr","locations":[{"start":{"line":7,"column":12},"end":{"line":7,"column":32}},{"start":{"line":7,"column":36},"end":{"line":7,"column":49}}],"line":7},"1":{"loc":{"start":{"line":12,"column":0},"end":{"line":16,"column":1}},"type":"if","locations":[{"start":{"line":12,"column":0},"end":{"line":16,"column":1}},{"start":{"line":12,"column":0},"end":{"line":16,"column":1}}],"line":12},"2":{"loc":{"start":{"line":21,"column":11},"end":{"line":21,"column":89}},"type":"binary-expr","locations":[{"start":{"line":21,"column":12},"end":{"line":21,"column":35}},{"start":{"line":21,"column":41},"end":{"line":21,"column":58}},{"start":{"line":21,"column":64},"end":{"line":21,"column":88}}],"line":21},"3":{"loc":{"start":{"line":29,"column":2},"end":{"line":31,"column":3}},"type":"if","locations":[{"start":{"line":29,"column":2},"end":{"line":31,"column":3}},{"start":{"line":29,"column":2},"end":{"line":31,"column":3}}],"line":29}},"s":{"0":3,"1":3,"2":3,"3":3,"4":3,"5":3,"6":3,"7":3,"8":0,"9":3,"10":3,"11":12,"12":9,"13":9,"14":3,"15":9,"16":9,"17":3,"18":3,"19":3},"f":{"0":12,"1":9,"2":9},"b":{"0":[3,0],"1":[0,3],"2":[12,12,9],"3":[9,0]},"_coverageSchema":"1a1c01bbd47fc00a2c39e90264f33305004495a9","hash":"d37ea253de49d0f5d1471c9f56169ffc99ab080b"}
,"D:\\Tugas\\PHASE 3\\Mediku-App\\server\\app\\models\\registration.js": {"path":"D:\\Tugas\\PHASE 3\\Mediku-App\\server\\app\\models\\registration.js","statementMap":{"0":{"start":{"line":2,"column":18},"end":{"line":2,"column":38}},"1":{"start":{"line":3,"column":0},"end":{"line":79,"column":2}},"2":{"start":{"line":12,"column":6},"end":{"line":12,"column":68}},"3":{"start":{"line":13,"column":6},"end":{"line":13,"column":72}},"4":{"start":{"line":16,"column":2},"end":{"line":77,"column":4}},"5":{"start":{"line":78,"column":2},"end":{"line":78,"column":22}}},"fnMap":{"0":{"name":"(anonymous_0)","decl":{"start":{"line":3,"column":17},"end":{"line":3,"column":18}},"loc":{"start":{"line":3,"column":43},"end":{"line":79,"column":1}},"line":3},"1":{"name":"(anonymous_1)","decl":{"start":{"line":10,"column":4},"end":{"line":10,"column":5}},"loc":{"start":{"line":10,"column":29},"end":{"line":14,"column":5}},"line":10}},"branchMap":{},"s":{"0":3,"1":3,"2":3,"3":3,"4":3,"5":3},"f":{"0":3,"1":3},"b":{},"_coverageSchema":"1a1c01bbd47fc00a2c39e90264f33305004495a9","hash":"1ae1d979ffdba02324706b3c3ac955c048ee1dbe"}
,"D:\\Tugas\\PHASE 3\\Mediku-App\\server\\app\\models\\user.js": {"path":"D:\\Tugas\\PHASE 3\\Mediku-App\\server\\app\\models\\user.js","statementMap":{"0":{"start":{"line":4,"column":4},"end":{"line":4,"column":24}},"1":{"start":{"line":5,"column":25},"end":{"line":5,"column":55}},"2":{"start":{"line":6,"column":0},"end":{"line":151,"column":2}},"3":{"start":{"line":15,"column":6},"end":{"line":15,"column":65}},"4":{"start":{"line":18,"column":2},"end":{"line":149,"column":5}},"5":{"start":{"line":141,"column":8},"end":{"line":141,"column":51}},"6":{"start":{"line":142,"column":8},"end":{"line":142,"column":74}},"7":{"start":{"line":145,"column":8},"end":{"line":145,"column":51}},"8":{"start":{"line":146,"column":8},"end":{"line":146,"column":74}},"9":{"start":{"line":150,"column":2},"end":{"line":150,"column":14}}},"fnMap":{"0":{"name":"(anonymous_0)","decl":{"start":{"line":6,"column":17},"end":{"line":6,"column":18}},"loc":{"start":{"line":6,"column":43},"end":{"line":151,"column":1}},"line":6},"1":{"name":"(anonymous_1)","decl":{"start":{"line":13,"column":4},"end":{"line":13,"column":5}},"loc":{"start":{"line":13,"column":29},"end":{"line":16,"column":5}},"line":13},"2":{"name":"(anonymous_2)","decl":{"start":{"line":140,"column":20},"end":{"line":140,"column":21}},"loc":{"start":{"line":140,"column":39},"end":{"line":143,"column":7}},"line":140},"3":{"name":"(anonymous_3)","decl":{"start":{"line":144,"column":20},"end":{"line":144,"column":21}},"loc":{"start":{"line":144,"column":39},"end":{"line":147,"column":7}},"line":144}},"branchMap":{},"s":{"0":3,"1":3,"2":3,"3":3,"4":3,"5":17,"6":17,"7":2,"8":2,"9":3},"f":{"0":3,"1":3,"2":17,"3":2},"b":{},"_coverageSchema":"1a1c01bbd47fc00a2c39e90264f33305004495a9","hash":"b8791746aa5e0adaebea402da2ba9fb31e207793"}
,"D:\\Tugas\\PHASE 3\\Mediku-App\\server\\app\\routers\\index.js": {"path":"D:\\Tugas\\PHASE 3\\Mediku-App\\server\\app\\routers\\index.js","statementMap":{"0":{"start":{"line":1,"column":15},"end":{"line":1,"column":42}},"1":{"start":{"line":2,"column":19},"end":{"line":2,"column":42}},"2":{"start":{"line":3,"column":21},"end":{"line":3,"column":46}},"3":{"start":{"line":4,"column":31},"end":{"line":4,"column":66}},"4":{"start":{"line":5,"column":33},"end":{"line":5,"column":70}},"5":{"start":{"line":6,"column":23},"end":{"line":6,"column":50}},"6":{"start":{"line":7,"column":22},"end":{"line":7,"column":48}},"7":{"start":{"line":8,"column":21},"end":{"line":8,"column":62}},"8":{"start":{"line":10,"column":0},"end":{"line":10,"column":36}},"9":{"start":{"line":11,"column":0},"end":{"line":11,"column":33}},"10":{"start":{"line":12,"column":0},"end":{"line":12,"column":58}},"11":{"start":{"line":13,"column":0},"end":{"line":13,"column":62}},"12":{"start":{"line":14,"column":0},"end":{"line":14,"column":38}},"13":{"start":{"line":15,"column":0},"end":{"line":15,"column":32}},"14":{"start":{"line":17,"column":0},"end":{"line":17,"column":25}},"15":{"start":{"line":19,"column":0},"end":{"line":19,"column":24}}},"fnMap":{},"branchMap":{},"s":{"0":3,"1":3,"2":3,"3":3,"4":3,"5":3,"6":3,"7":3,"8":3,"9":3,"10":3,"11":3,"12":3,"13":3,"14":3,"15":3},"f":{},"b":{},"_coverageSchema":"1a1c01bbd47fc00a2c39e90264f33305004495a9","hash":"9148c5e6a20b2f833106bbe4c46dfe8eae9db797"}
,"D:\\Tugas\\PHASE 3\\Mediku-App\\server\\app\\routers\\routerClinic.js": {"path":"D:\\Tugas\\PHASE 3\\Mediku-App\\server\\app\\routers\\routerClinic.js","statementMap":{"0":{"start":{"line":1,"column":15},"end":{"line":1,"column":42}},"1":{"start":{"line":2,"column":25},"end":{"line":2,"column":67}},"2":{"start":{"line":4,"column":0},"end":{"line":4,"column":45}},"3":{"start":{"line":5,"column":0},"end":{"line":5,"column":46}},"4":{"start":{"line":6,"column":0},"end":{"line":6,"column":43}},"5":{"start":{"line":7,"column":0},"end":{"line":7,"column":51}},"6":{"start":{"line":8,"column":0},"end":{"line":8,"column":49}},"7":{"start":{"line":9,"column":0},"end":{"line":9,"column":47}},"8":{"start":{"line":11,"column":0},"end":{"line":11,"column":24}}},"fnMap":{},"branchMap":{},"s":{"0":3,"1":3,"2":3,"3":3,"4":3,"5":3,"6":3,"7":3,"8":3},"f":{},"b":{},"_coverageSchema":"1a1c01bbd47fc00a2c39e90264f33305004495a9","hash":"d003ce14900645a5d18d4e6dade361fc546626ef"}
,"D:\\Tugas\\PHASE 3\\Mediku-App\\server\\app\\routers\\routerDomicile.js": {"path":"D:\\Tugas\\PHASE 3\\Mediku-App\\server\\app\\routers\\routerDomicile.js","statementMap":{"0":{"start":{"line":1,"column":15},"end":{"line":1,"column":42}},"1":{"start":{"line":2,"column":27},"end":{"line":2,"column":71}},"2":{"start":{"line":4,"column":0},"end":{"line":4,"column":61}},"3":{"start":{"line":5,"column":0},"end":{"line":5,"column":75}},"4":{"start":{"line":6,"column":0},"end":{"line":6,"column":71}},"5":{"start":{"line":7,"column":0},"end":{"line":7,"column":78}},"6":{"start":{"line":10,"column":0},"end":{"line":10,"column":23}}},"fnMap":{},"branchMap":{},"s":{"0":3,"1":3,"2":3,"3":3,"4":3,"5":3,"6":3},"f":{},"b":{},"_coverageSchema":"1a1c01bbd47fc00a2c39e90264f33305004495a9","hash":"c6b7f6458af50e0fd29a7920e716c951727b55df"}
,"D:\\Tugas\\PHASE 3\\Mediku-App\\server\\app\\routers\\routerPayment.js": {"path":"D:\\Tugas\\PHASE 3\\Mediku-App\\server\\app\\routers\\routerPayment.js","statementMap":{"0":{"start":{"line":1,"column":15},"end":{"line":1,"column":42}},"1":{"start":{"line":2,"column":26},"end":{"line":2,"column":69}},"2":{"start":{"line":3,"column":31},"end":{"line":3,"column":71}},"3":{"start":{"line":5,"column":0},"end":{"line":5,"column":30}},"4":{"start":{"line":6,"column":0},"end":{"line":6,"column":56}},"5":{"start":{"line":7,"column":0},"end":{"line":7,"column":60}},"6":{"start":{"line":8,"column":0},"end":{"line":8,"column":67}},"7":{"start":{"line":10,"column":0},"end":{"line":10,"column":24}}},"fnMap":{},"branchMap":{},"s":{"0":3,"1":3,"2":3,"3":3,"4":3,"5":3,"6":3,"7":3},"f":{},"b":{},"_coverageSchema":"1a1c01bbd47fc00a2c39e90264f33305004495a9","hash":"32efbbe5757b7f58681b0bd5eaace88da87b9538"}
,"D:\\Tugas\\PHASE 3\\Mediku-App\\server\\app\\routers\\routerRegistrationClinic.js": {"path":"D:\\Tugas\\PHASE 3\\Mediku-App\\server\\app\\routers\\routerRegistrationClinic.js","statementMap":{"0":{"start":{"line":1,"column":15},"end":{"line":1,"column":42}},"1":{"start":{"line":2,"column":37},"end":{"line":2,"column":91}},"2":{"start":{"line":3,"column":33},"end":{"line":3,"column":73}},"3":{"start":{"line":4,"column":32},"end":{"line":4,"column":71}},"4":{"start":{"line":6,"column":0},"end":{"line":6,"column":33}},"5":{"start":{"line":7,"column":0},"end":{"line":7,"column":54}},"6":{"start":{"line":8,"column":0},"end":{"line":8,"column":76}},"7":{"start":{"line":9,"column":0},"end":{"line":13,"column":2}},"8":{"start":{"line":14,"column":0},"end":{"line":18,"column":2}},"9":{"start":{"line":19,"column":0},"end":{"line":23,"column":2}},"10":{"start":{"line":24,"column":0},"end":{"line":28,"column":2}},"11":{"start":{"line":30,"column":0},"end":{"line":30,"column":24}}},"fnMap":{},"branchMap":{},"s":{"0":3,"1":3,"2":3,"3":3,"4":3,"5":3,"6":3,"7":3,"8":3,"9":3,"10":3,"11":3},"f":{},"b":{},"_coverageSchema":"1a1c01bbd47fc00a2c39e90264f33305004495a9","hash":"6a7fd969a1b23f6e407d679df8ebedc6de2eae11"}
,"D:\\Tugas\\PHASE 3\\Mediku-App\\server\\app\\routers\\routerRegistrationUser.js": {"path":"D:\\Tugas\\PHASE 3\\Mediku-App\\server\\app\\routers\\routerRegistrationUser.js","statementMap":{"0":{"start":{"line":1,"column":15},"end":{"line":1,"column":42}},"1":{"start":{"line":2,"column":35},"end":{"line":2,"column":87}},"2":{"start":{"line":3,"column":31},"end":{"line":3,"column":71}},"3":{"start":{"line":4,"column":30},"end":{"line":4,"column":69}},"4":{"start":{"line":6,"column":0},"end":{"line":6,"column":30}},"5":{"start":{"line":7,"column":0},"end":{"line":7,"column":63}},"6":{"start":{"line":8,"column":0},"end":{"line":8,"column":85}},"7":{"start":{"line":9,"column":0},"end":{"line":9,"column":82}},"8":{"start":{"line":11,"column":0},"end":{"line":11,"column":24}}},"fnMap":{},"branchMap":{},"s":{"0":3,"1":3,"2":3,"3":3,"4":3,"5":3,"6":3,"7":3,"8":3},"f":{},"b":{},"_coverageSchema":"1a1c01bbd47fc00a2c39e90264f33305004495a9","hash":"b230c4a480e8df49fb347ea4e21f414b65081bfb"}
,"D:\\Tugas\\PHASE 3\\Mediku-App\\server\\app\\routers\\routerUser.js": {"path":"D:\\Tugas\\PHASE 3\\Mediku-App\\server\\app\\routers\\routerUser.js","statementMap":{"0":{"start":{"line":1,"column":15},"end":{"line":1,"column":42}},"1":{"start":{"line":2,"column":23},"end":{"line":2,"column":63}},"2":{"start":{"line":3,"column":31},"end":{"line":3,"column":71}},"3":{"start":{"line":4,"column":37},"end":{"line":4,"column":76}},"4":{"start":{"line":6,"column":0},"end":{"line":6,"column":44}},"5":{"start":{"line":7,"column":0},"end":{"line":7,"column":50}},"6":{"start":{"line":8,"column":0},"end":{"line":8,"column":60}},"7":{"start":{"line":9,"column":0},"end":{"line":9,"column":31}},"8":{"start":{"line":10,"column":0},"end":{"line":10,"column":53}},"9":{"start":{"line":11,"column":0},"end":{"line":11,"column":75}},"10":{"start":{"line":12,"column":0},"end":{"line":12,"column":60}},"11":{"start":{"line":14,"column":0},"end":{"line":14,"column":24}}},"fnMap":{},"branchMap":{},"s":{"0":3,"1":3,"2":3,"3":3,"4":3,"5":3,"6":3,"7":3,"8":3,"9":3,"10":3,"11":3},"f":{},"b":{},"_coverageSchema":"1a1c01bbd47fc00a2c39e90264f33305004495a9","hash":"28dd2541da3a47a778fae49e6b55c9ca695e3e3f"}
}
