TN:
SF:app.js
FNF:0
FNH:0
DA:1,1
DA:2,1
DA:4,1
DA:5,1
DA:6,1
DA:7,1
DA:9,1
DA:10,1
DA:11,1
DA:12,1
DA:14,1
LF:11
LH:11
BRDA:1,0,0,1
BRDA:1,0,1,0
BRF:2
BRH:1
end_of_record
TN:
SF:Controllers\ClinicController.js
FN:4,(anonymous_0)
FN:43,(anonymous_1)
FN:58,(anonymous_2)
FN:75,(anonymous_3)
FN:117,(anonymous_4)
FNF:5
FNH:0
FNDA:0,(anonymous_0)
FNDA:0,(anonymous_1)
FNDA:0,(anonymous_2)
FNDA:0,(anonymous_3)
FNDA:0,(anonymous_4)
DA:1,1
DA:5,0
DA:19,0
DA:20,0
DA:21,0
DA:22,0
DA:23,0
DA:39,0
DA:44,0
DA:45,0
DA:46,0
DA:47,0
DA:49,0
DA:54,0
DA:59,0
DA:60,0
DA:61,0
DA:62,0
DA:67,0
DA:68,0
DA:70,0
DA:71,0
DA:76,0
DA:77,0
DA:78,0
DA:79,0
DA:80,0
DA:81,0
DA:82,0
DA:83,0
DA:84,0
DA:85,0
DA:86,0
DA:87,0
DA:88,0
DA:89,0
DA:90,0
DA:91,0
DA:110,0
DA:113,0
DA:118,0
DA:119,0
DA:120,0
DA:121,0
DA:123,0
DA:127,0
DA:131,0
DA:136,1
LF:48
LH:2
BRDA:21,0,0,0
BRDA:21,0,1,0
BRDA:61,1,0,0
BRDA:61,1,1,0
BRDA:90,2,0,0
BRDA:90,2,1,0
BRDA:120,3,0,0
BRDA:120,3,1,0
BRF:8
BRH:0
end_of_record
TN:
SF:Controllers\ControllerDomicile.js
FN:5,(anonymous_0)
FN:15,(anonymous_1)
FN:29,(anonymous_2)
FN:43,(anonymous_3)
FNF:4
FNH:0
FNDA:0,(anonymous_0)
FNDA:0,(anonymous_1)
FNDA:0,(anonymous_2)
FNDA:0,(anonymous_3)
DA:1,1
DA:2,1
DA:6,0
DA:7,0
DA:8,0
DA:9,0
DA:11,0
DA:16,0
DA:17,0
DA:18,0
DA:19,0
DA:20,0
DA:22,0
DA:25,0
DA:30,0
DA:31,0
DA:32,0
DA:33,0
DA:34,0
DA:36,0
DA:39,0
DA:44,0
DA:45,0
DA:46,0
DA:47,0
DA:48,0
DA:50,0
DA:53,0
DA:54,0
DA:60,1
LF:30
LH:3
BRDA:19,0,0,0
BRDA:19,0,1,0
BRDA:33,1,0,0
BRDA:33,1,1,0
BRDA:47,2,0,0
BRDA:47,2,1,0
BRF:6
BRH:0
end_of_record
TN:
SF:Controllers\ControllerRegistration.js
FN:4,(anonymous_0)
FN:23,(anonymous_1)
FN:46,(anonymous_2)
FN:69,(anonymous_3)
FN:84,(anonymous_4)
FNF:5
FNH:0
FNDA:0,(anonymous_0)
FNDA:0,(anonymous_1)
FNDA:0,(anonymous_2)
FNDA:0,(anonymous_3)
FNDA:0,(anonymous_4)
DA:1,1
DA:5,0
DA:6,0
DA:17,0
DA:19,0
DA:24,0
DA:25,0
DA:26,0
DA:36,0
DA:37,0
DA:39,0
DA:42,0
DA:49,0
DA:50,0
DA:51,0
DA:53,0
DA:55,0
DA:56,0
DA:58,0
DA:60,0
DA:61,0
DA:62,0
DA:63,0
DA:65,0
DA:70,0
DA:71,0
DA:72,0
DA:73,0
DA:74,0
DA:76,0
DA:77,0
DA:80,0
DA:87,0
DA:88,0
DA:89,0
DA:90,0
DA:91,0
DA:93,0
DA:95,0
DA:96,0
DA:98,0
DA:100,0
DA:101,0
DA:102,0
DA:103,0
DA:105,0
DA:110,1
LF:47
LH:2
BRDA:36,0,0,0
BRDA:36,0,1,0
BRDA:50,1,0,0
BRDA:50,1,1,0
BRDA:55,2,0,0
BRDA:55,2,1,0
BRDA:73,3,0,0
BRDA:73,3,1,0
BRDA:90,4,0,0
BRDA:90,4,1,0
BRDA:95,5,0,0
BRDA:95,5,1,0
BRF:12
BRH:0
end_of_record
TN:
SF:Controllers\ControllerUser.js
FN:8,(anonymous_0)
FN:65,(anonymous_1)
FN:103,(anonymous_2)
FN:163,(anonymous_3)
FN:190,(anonymous_4)
FN:207,(anonymous_5)
FNF:6
FNH:5
FNDA:31,(anonymous_0)
FNDA:3,(anonymous_1)
FNDA:31,(anonymous_2)
FNDA:1,(anonymous_3)
FNDA:1,(anonymous_4)
FNDA:0,(anonymous_5)
DA:1,1
DA:2,1
DA:3,1
DA:4,1
DA:5,1
DA:24,31
DA:25,31
DA:26,31
DA:42,1
DA:61,30
DA:66,3
DA:67,3
DA:68,3
DA:69,3
DA:70,1
DA:71,1
DA:75,1
DA:93,0
DA:96,2
DA:99,2
DA:119,31
DA:120,31
DA:136,31
DA:137,31
DA:142,1
DA:159,30
DA:164,1
DA:165,1
DA:166,1
DA:167,1
DA:186,0
DA:191,1
DA:192,1
DA:193,1
DA:194,1
DA:195,0
DA:197,1
DA:198,1
DA:203,0
DA:208,0
DA:209,0
DA:213,0
DA:214,0
DA:233,0
DA:234,0
DA:250,0
DA:269,0
DA:274,1
LF:48
LH:36
BRDA:69,0,0,1
BRDA:69,0,1,2
BRDA:70,1,0,1
BRDA:70,1,1,0
BRDA:194,2,0,0
BRDA:194,2,1,1
BRDA:233,3,0,0
BRDA:233,3,1,0
BRF:8
BRH:4
end_of_record
TN:
SF:helpers\bcryptjs.js
FN:3,hashPassword
FN:7,checkPassword
FNF:2
FNH:2
FNDA:17,hashPassword
FNDA:1,checkPassword
DA:1,1
DA:4,17
DA:8,1
DA:11,1
LF:4
LH:4
BRF:0
BRH:0
end_of_record
TN:
SF:helpers\jwt.js
FN:3,signToken
FN:7,verifyToken
FNF:2
FNH:2
FNDA:11,signToken
FNDA:37,verifyToken
DA:1,1
DA:4,11
DA:8,37
DA:11,1
LF:4
LH:4
BRF:0
BRH:0
end_of_record
TN:
SF:middlewares\ErrorHandler.js
FN:1,(anonymous_0)
FN:9,(anonymous_1)
FNF:2
FNH:2
FNDA:68,(anonymous_0)
FNDA:60,(anonymous_1)
DA:1,1
DA:2,68
DA:3,68
DA:5,68
DA:6,2
DA:7,2
DA:8,66
DA:9,58
DA:10,60
DA:12,58
DA:13,58
DA:14,8
DA:15,2
DA:16,2
DA:17,6
DA:18,2
DA:19,2
DA:20,4
DA:21,2
DA:22,2
DA:23,2
DA:24,1
DA:25,1
DA:26,1
DA:27,0
DA:28,0
DA:29,1
DA:30,1
DA:31,1
DA:33,68
LF:30
LH:28
BRDA:2,0,0,68
BRDA:2,0,1,68
BRDA:5,1,0,2
BRDA:5,1,1,66
BRDA:8,2,0,58
BRDA:8,2,1,8
BRDA:14,3,0,2
BRDA:14,3,1,6
BRDA:17,4,0,2
BRDA:17,4,1,4
BRDA:20,5,0,2
BRDA:20,5,1,2
BRDA:23,6,0,1
BRDA:23,6,1,1
BRDA:26,7,0,0
BRDA:26,7,1,1
BRDA:29,8,0,1
BRDA:29,8,1,0
BRF:18
BRH:16
end_of_record
TN:
SF:middlewares\authentication.js
FN:4,authentication
FNF:1
FNH:1
FNDA:39,authentication
DA:1,1
DA:2,1
DA:5,39
DA:6,39
DA:7,39
DA:8,37
DA:9,35
DA:10,35
DA:26,35
DA:28,2
DA:31,4
DA:35,1
LF:12
LH:12
BRDA:7,0,0,37
BRDA:7,0,1,2
BRF:2
BRH:2
end_of_record
TN:
SF:middlewares\authorization.js
FN:3,(anonymous_0)
FN:21,(anonymous_1)
FNF:2
FNH:1
FNDA:0,(anonymous_0)
FNDA:3,(anonymous_1)
DA:1,1
DA:3,1
DA:4,0
DA:5,0
DA:6,0
DA:7,0
DA:8,0
DA:9,0
DA:11,0
DA:14,0
DA:17,0
DA:21,1
DA:22,3
DA:23,3
DA:24,3
DA:25,3
DA:26,2
DA:27,1
DA:29,1
DA:32,1
DA:35,2
DA:39,1
LF:22
LH:13
BRDA:7,0,0,0
BRDA:7,0,1,0
BRDA:8,1,0,0
BRDA:8,1,1,0
BRDA:25,2,0,2
BRDA:25,2,1,1
BRDA:26,3,0,1
BRDA:26,3,1,1
BRF:8
BRH:4
end_of_record
TN:
SF:models\clinic.js
FN:3,(anonymous_0)
FN:10,(anonymous_1)
FNF:2
FNH:2
FNDA:1,(anonymous_0)
FNDA:1,(anonymous_1)
DA:2,1
DA:3,1
DA:11,1
DA:16,1
DA:172,1
LF:5
LH:5
BRF:0
BRH:0
end_of_record
TN:
SF:models\index.js
FN:20,(anonymous_0)
FN:23,(anonymous_1)
FN:28,(anonymous_2)
FNF:3
FNH:3
FNDA:4,(anonymous_0)
FNDA:3,(anonymous_1)
FNDA:3,(anonymous_2)
DA:3,1
DA:4,1
DA:5,1
DA:6,1
DA:7,1
DA:8,1
DA:9,1
DA:12,1
DA:13,0
DA:15,1
DA:18,1
DA:21,4
DA:24,3
DA:25,3
DA:28,1
DA:29,3
DA:30,3
DA:34,1
DA:35,1
DA:37,1
LF:20
LH:19
BRDA:7,0,0,1
BRDA:7,0,1,0
BRDA:12,1,0,0
BRDA:12,1,1,1
BRDA:21,2,0,4
BRDA:21,2,1,4
BRDA:21,2,2,3
BRDA:29,3,0,3
BRDA:29,3,1,0
BRF:9
BRH:6
end_of_record
TN:
SF:models\registration.js
FN:5,(anonymous_0)
FN:12,(anonymous_1)
FNF:2
FNH:2
FNDA:1,(anonymous_0)
FNDA:1,(anonymous_1)
DA:4,1
DA:5,1
DA:14,1
DA:15,1
DA:18,1
DA:83,1
LF:6
LH:6
BRF:0
BRH:0
end_of_record
TN:
SF:models\user.js
FN:6,(anonymous_0)
FN:13,(anonymous_1)
FN:140,(anonymous_2)
FN:144,(anonymous_3)
FNF:4
FNH:4
FNDA:1,(anonymous_0)
FNDA:1,(anonymous_1)
FNDA:15,(anonymous_2)
FNDA:2,(anonymous_3)
DA:4,1
DA:5,1
DA:6,1
DA:15,1
DA:18,1
DA:141,15
DA:142,15
DA:145,2
DA:146,2
DA:150,1
LF:10
LH:10
BRF:0
BRH:0
end_of_record
TN:
SF:routers\index.js
FNF:0
FNH:0
DA:1,1
DA:2,1
DA:3,1
DA:4,1
DA:5,1
DA:6,1
DA:8,1
DA:9,1
DA:10,1
DA:11,1
DA:13,1
DA:15,1
LF:12
LH:12
BRF:0
BRH:0
end_of_record
TN:
SF:routers\routerClinic.js
FNF:0
FNH:0
DA:1,1
DA:2,1
DA:4,1
DA:5,1
DA:6,1
DA:7,1
DA:8,1
DA:10,1
LF:8
LH:8
BRF:0
BRH:0
end_of_record
TN:
SF:routers\routerDomicile.js
FNF:0
FNH:0
DA:1,1
DA:2,1
DA:4,1
DA:5,1
DA:6,1
DA:7,1
DA:10,1
LF:7
LH:7
BRF:0
BRH:0
end_of_record
TN:
SF:routers\routerRegistration.js
FNF:0
FNH:0
DA:1,1
DA:2,1
DA:3,1
DA:4,1
DA:6,1
DA:7,1
DA:8,1
DA:9,1
DA:10,1
DA:11,1
DA:13,1
LF:11
LH:11
BRF:0
BRH:0
end_of_record
TN:
SF:routers\routerUser.js
FNF:0
FNH:0
DA:1,1
DA:2,1
DA:3,1
DA:4,1
DA:6,1
DA:7,1
DA:8,1
DA:9,1
DA:10,1
DA:11,1
DA:12,1
DA:14,1
LF:12
LH:12
BRF:0
BRH:0
end_of_record
