TN:
SF:app.js
FNF:0
FNH:0
DA:1,5
DA:2,5
DA:4,5
DA:5,5
DA:6,5
DA:7,5
DA:9,5
DA:10,5
DA:11,5
DA:12,5
DA:14,5
LF:11
LH:11
BRDA:1,0,0,5
BRDA:1,0,1,0
BRF:2
BRH:1
end_of_record
TN:
SF:Controllers\ClinicController.js
FN:6,(anonymous_0)
FN:37,(anonymous_1)
FN:77,(anonymous_2)
FN:88,(anonymous_3)
FN:104,(anonymous_4)
FN:152,(anonymous_5)
FNF:6
FNH:6
FNDA:3,(anonymous_0)
FNDA:27,(anonymous_1)
FNDA:1,(anonymous_2)
FNDA:2,(anonymous_3)
FNDA:26,(anonymous_4)
FNDA:2,(anonymous_5)
DA:1,5
DA:2,5
DA:3,5
DA:7,3
DA:8,3
DA:9,3
DA:14,3
DA:15,2
DA:16,2
DA:17,1
DA:21,1
DA:27,1
DA:30,1
DA:33,2
DA:38,27
DA:53,27
DA:54,27
DA:55,1
DA:56,1
DA:73,26
DA:78,1
DA:79,1
DA:80,21
DA:82,1
DA:89,2
DA:90,2
DA:91,2
DA:92,1
DA:97,1
DA:98,1
DA:100,1
DA:105,26
DA:106,26
DA:107,26
DA:108,26
DA:109,26
DA:110,26
DA:111,26
DA:112,26
DA:113,26
DA:114,26
DA:115,26
DA:116,26
DA:117,26
DA:118,26
DA:119,26
DA:120,26
DA:121,26
DA:122,25
DA:143,1
DA:145,1
DA:148,25
DA:153,2
DA:154,2
DA:155,2
DA:156,1
DA:158,1
DA:162,1
DA:166,1
DA:171,5
LF:60
LH:60
BRDA:14,0,0,2
BRDA:14,0,1,1
BRDA:16,1,0,1
BRDA:16,1,1,1
BRDA:91,2,0,1
BRDA:91,2,1,1
BRDA:121,3,0,25
BRDA:121,3,1,1
BRDA:155,4,0,1
BRDA:155,4,1,1
BRF:10
BRH:10
end_of_record
TN:
SF:Controllers\ControllerDomicile.js
FN:5,(anonymous_0)
FN:15,(anonymous_1)
FN:31,(anonymous_2)
FN:47,(anonymous_3)
FNF:4
FNH:4
FNDA:1,(anonymous_0)
FNDA:1,(anonymous_1)
FNDA:1,(anonymous_2)
FNDA:1,(anonymous_3)
DA:1,5
DA:2,5
DA:6,1
DA:7,1
DA:8,1
DA:9,1
DA:11,0
DA:16,1
DA:17,1
DA:18,1
DA:21,1
DA:22,0
DA:24,1
DA:27,0
DA:32,1
DA:33,1
DA:34,1
DA:37,1
DA:38,0
DA:40,1
DA:43,0
DA:48,1
DA:49,1
DA:50,1
DA:53,1
DA:54,0
DA:56,1
DA:59,0
DA:64,5
LF:29
LH:22
BRDA:21,0,0,0
BRDA:21,0,1,1
BRDA:37,1,0,0
BRDA:37,1,1,1
BRDA:53,2,0,0
BRDA:53,2,1,1
BRF:6
BRH:3
end_of_record
TN:
SF:Controllers\ControllerPayment.js
FN:6,(anonymous_0)
FN:35,(anonymous_1)
FNF:2
FNH:2
FNDA:1,(anonymous_0)
FNDA:1,(anonymous_1)
DA:1,5
DA:2,5
DA:3,5
DA:7,1
DA:8,1
DA:9,1
DA:10,1
DA:11,1
DA:12,1
DA:19,1
DA:31,0
DA:36,1
DA:37,1
DA:38,1
DA:39,1
DA:47,1
DA:50,1
DA:51,1
DA:52,0
DA:53,0
DA:66,0
DA:70,0
DA:71,0
DA:72,0
DA:74,0
DA:77,0
DA:82,5
LF:27
LH:18
BRDA:50,0,0,1
BRDA:50,0,1,0
BRDA:52,1,0,0
BRDA:52,1,1,0
BRDA:71,2,0,0
BRDA:71,2,1,0
BRF:6
BRH:1
end_of_record
TN:
SF:Controllers\ControllerRegistrationClinic.js
FN:7,(anonymous_0)
FN:31,(anonymous_1)
FN:52,(anonymous_2)
FN:74,(anonymous_3)
FN:87,(anonymous_4)
FN:113,(anonymous_5)
FN:146,(anonymous_6)
FNF:7
FNH:6
FNDA:1,(anonymous_0)
FNDA:1,(anonymous_1)
FNDA:1,(anonymous_2)
FNDA:1,(anonymous_3)
FNDA:0,(anonymous_4)
FNDA:1,(anonymous_5)
FNDA:1,(anonymous_6)
DA:1,5
DA:2,5
DA:3,5
DA:4,5
DA:8,1
DA:9,1
DA:25,1
DA:27,0
DA:32,1
DA:33,1
DA:46,1
DA:48,0
DA:53,1
DA:54,1
DA:55,1
DA:67,1
DA:69,0
DA:70,0
DA:75,1
DA:76,1
DA:77,1
DA:78,1
DA:79,1
DA:83,0
DA:88,0
DA:89,0
DA:90,0
DA:93,0
DA:101,0
DA:105,0
DA:109,0
DA:114,1
DA:115,1
DA:116,1
DA:129,1
DA:133,1
DA:138,1
DA:142,0
DA:150,1
DA:152,1
DA:153,1
DA:154,1
DA:155,0
DA:157,1
DA:159,1
DA:160,0
DA:162,1
DA:164,1
DA:175,1
DA:176,1
DA:180,1
DA:182,0
DA:187,5
LF:53
LH:37
BRDA:154,0,0,0
BRDA:154,0,1,1
BRDA:159,1,0,0
BRDA:159,1,1,1
BRF:4
BRH:2
end_of_record
TN:
SF:Controllers\ControllerRegistrationUser.js
FN:5,(anonymous_0)
FN:26,(anonymous_1)
FN:83,(anonymous_2)
FNF:3
FNH:3
FNDA:1,(anonymous_0)
FNDA:10,(anonymous_1)
FNDA:1,(anonymous_2)
DA:1,5
DA:2,5
DA:6,1
DA:7,1
DA:8,1
DA:20,1
DA:22,0
DA:29,10
DA:30,10
DA:31,0
DA:33,10
DA:35,10
DA:36,0
DA:38,10
DA:40,10
DA:41,10
DA:42,10
DA:53,1
DA:54,1
DA:67,1
DA:76,1
DA:78,9
DA:79,9
DA:84,1
DA:85,1
DA:86,1
DA:87,1
DA:95,1
DA:96,1
DA:100,1
DA:102,0
DA:107,5
LF:32
LH:28
BRDA:30,0,0,0
BRDA:30,0,1,10
BRDA:35,1,0,0
BRDA:35,1,1,10
BRF:4
BRH:2
end_of_record
TN:
SF:Controllers\ControllerUser.js
FN:8,(anonymous_0)
FN:63,(anonymous_1)
FN:97,(anonymous_2)
FN:157,(anonymous_3)
FN:182,(anonymous_4)
FN:195,(anonymous_5)
FNF:6
FNH:5
FNDA:31,(anonymous_0)
FNDA:3,(anonymous_1)
FNDA:31,(anonymous_2)
FNDA:1,(anonymous_3)
FNDA:1,(anonymous_4)
FNDA:0,(anonymous_5)
DA:1,5
DA:2,5
DA:3,5
DA:4,5
DA:5,5
DA:24,31
DA:25,31
DA:26,31
DA:42,1
DA:59,30
DA:64,3
DA:65,3
DA:66,3
DA:67,3
DA:68,1
DA:72,1
DA:90,2
DA:93,2
DA:113,31
DA:114,31
DA:130,31
DA:131,31
DA:136,1
DA:153,30
DA:158,1
DA:159,1
DA:160,1
DA:161,1
DA:178,0
DA:183,1
DA:184,1
DA:185,1
DA:186,1
DA:187,1
DA:191,0
DA:196,0
DA:197,0
DA:201,0
DA:202,0
DA:221,0
DA:222,0
DA:238,0
DA:257,0
DA:262,5
LF:44
LH:34
BRDA:67,0,0,1
BRDA:67,0,1,2
BRDA:67,1,0,3
BRDA:67,1,1,1
BRDA:221,2,0,0
BRDA:221,2,1,0
BRF:6
BRH:4
end_of_record
TN:
SF:helpers\bcryptjs.js
FN:3,hashPassword
FN:7,checkPassword
FNF:2
FNH:2
FNDA:24,hashPassword
FNDA:3,checkPassword
DA:1,5
DA:4,24
DA:8,3
DA:11,5
LF:4
LH:4
BRF:0
BRH:0
end_of_record
TN:
SF:helpers\jwt.js
FN:3,signToken
FN:7,verifyToken
FNF:2
FNH:2
FNDA:17,signToken
FNDA:69,verifyToken
DA:1,5
DA:4,17
DA:8,69
DA:11,5
LF:4
LH:4
BRF:0
BRH:0
end_of_record
TN:
SF:helpers\nodemailer.js
FN:17,sendNodemailer
FNF:1
FNH:1
FNDA:3,sendNodemailer
DA:1,5
DA:2,5
DA:3,5
DA:5,5
DA:11,5
DA:15,5
DA:18,3
DA:32,3
DA:39,3
DA:42,5
LF:10
LH:10
BRF:0
BRH:0
end_of_record
TN:
SF:helpers\xenditPayment.js
FNF:0
FNH:0
DA:1,5
DA:2,5
DA:5,5
DA:6,5
DA:9,5
DA:14,5
LF:6
LH:6
BRF:0
BRH:0
end_of_record
TN:
SF:middlewares\ErrorHandler.js
FN:1,(anonymous_0)
FN:10,(anonymous_1)
FNF:2
FNH:2
FNDA:152,(anonymous_0)
FNDA:123,(anonymous_1)
DA:1,5
DA:2,152
DA:3,152
DA:4,152
DA:6,152
DA:7,2
DA:8,2
DA:9,150
DA:10,117
DA:11,123
DA:13,117
DA:14,117
DA:15,33
DA:16,4
DA:17,4
DA:18,29
DA:19,2
DA:20,2
DA:21,27
DA:22,10
DA:23,10
DA:24,17
DA:25,7
DA:26,7
DA:27,10
DA:28,3
DA:29,3
DA:30,7
DA:31,7
DA:32,7
DA:34,152
LF:31
LH:31
BRDA:3,0,0,152
BRDA:3,0,1,152
BRDA:6,1,0,2
BRDA:6,1,1,150
BRDA:9,2,0,117
BRDA:9,2,1,33
BRDA:15,3,0,4
BRDA:15,3,1,29
BRDA:18,4,0,2
BRDA:18,4,1,27
BRDA:21,5,0,10
BRDA:21,5,1,17
BRDA:24,6,0,7
BRDA:24,6,1,10
BRDA:27,7,0,3
BRDA:27,7,1,7
BRDA:30,8,0,7
BRDA:30,8,1,0
BRF:18
BRH:17
end_of_record
TN:
SF:middlewares\authentication.js
FN:4,authenticationUser
FN:35,authenticationClinic
FNF:2
FNH:2
FNDA:62,authenticationUser
FNDA:17,authenticationClinic
DA:1,5
DA:2,5
DA:5,62
DA:6,62
DA:7,62
DA:8,56
DA:9,54
DA:10,54
DA:26,54
DA:28,6
DA:31,8
DA:36,17
DA:37,17
DA:38,17
DA:39,13
DA:40,13
DA:41,13
DA:45,13
DA:47,4
DA:50,4
DA:53,5
LF:21
LH:21
BRDA:7,0,0,56
BRDA:7,0,1,6
BRDA:38,1,0,13
BRDA:38,1,1,4
BRF:4
BRH:4
end_of_record
TN:
SF:middlewares\authorization.js
FN:3,(anonymous_0)
FN:21,(anonymous_1)
FN:39,(anonymous_2)
FNF:3
FNH:3
FNDA:9,(anonymous_0)
FNDA:3,(anonymous_1)
FNDA:11,(anonymous_2)
DA:1,5
DA:3,5
DA:4,9
DA:5,9
DA:6,9
DA:7,9
DA:8,7
DA:9,4
DA:11,3
DA:14,2
DA:17,5
DA:21,5
DA:22,3
DA:23,3
DA:24,3
DA:25,3
DA:26,2
DA:27,1
DA:29,1
DA:32,1
DA:35,2
DA:39,5
DA:40,11
DA:41,11
DA:42,11
DA:43,11
DA:44,11
DA:45,7
DA:46,4
DA:48,3
DA:51,4
DA:54,7
DA:58,5
LF:33
LH:33
BRDA:7,0,0,7
BRDA:7,0,1,2
BRDA:8,1,0,4
BRDA:8,1,1,3
BRDA:25,2,0,2
BRDA:25,2,1,1
BRDA:26,3,0,1
BRDA:26,3,1,1
BRDA:44,4,0,7
BRDA:44,4,1,4
BRDA:45,5,0,4
BRDA:45,5,1,3
BRF:12
BRH:12
end_of_record
TN:
SF:models\clinic.js
FN:4,(anonymous_0)
FN:11,(anonymous_1)
FN:178,(anonymous_2)
FN:183,(anonymous_3)
FNF:4
FNH:3
FNDA:5,(anonymous_0)
FNDA:5,(anonymous_1)
FNDA:4,(anonymous_2)
FNDA:0,(anonymous_3)
DA:2,5
DA:3,5
DA:4,5
DA:12,5
DA:17,5
DA:179,4
DA:180,4
DA:181,4
DA:184,0
DA:185,0
DA:186,0
DA:193,5
LF:12
LH:9
BRF:0
BRH:0
end_of_record
TN:
SF:models\index.js
FN:20,(anonymous_0)
FN:23,(anonymous_1)
FN:28,(anonymous_2)
FNF:3
FNH:3
FNDA:20,(anonymous_0)
FNDA:15,(anonymous_1)
FNDA:15,(anonymous_2)
DA:3,5
DA:4,5
DA:5,5
DA:6,5
DA:7,5
DA:8,5
DA:9,5
DA:12,5
DA:13,0
DA:15,5
DA:18,5
DA:21,20
DA:24,15
DA:25,15
DA:28,5
DA:29,15
DA:30,15
DA:34,5
DA:35,5
DA:37,5
LF:20
LH:19
BRDA:7,0,0,5
BRDA:7,0,1,0
BRDA:12,1,0,0
BRDA:12,1,1,5
BRDA:21,2,0,20
BRDA:21,2,1,20
BRDA:21,2,2,15
BRDA:29,3,0,15
BRDA:29,3,1,0
BRF:9
BRH:6
end_of_record
TN:
SF:models\registration.js
FN:3,(anonymous_0)
FN:10,(anonymous_1)
FNF:2
FNH:2
FNDA:5,(anonymous_0)
FNDA:5,(anonymous_1)
DA:2,5
DA:3,5
DA:12,5
DA:13,5
DA:16,5
DA:78,5
LF:6
LH:6
BRF:0
BRH:0
end_of_record
TN:
SF:models\user.js
FN:6,(anonymous_0)
FN:13,(anonymous_1)
FN:140,(anonymous_2)
FN:144,(anonymous_3)
FNF:4
FNH:4
FNDA:5,(anonymous_0)
FNDA:5,(anonymous_1)
FNDA:18,(anonymous_2)
FNDA:2,(anonymous_3)
DA:4,5
DA:5,5
DA:6,5
DA:15,5
DA:18,5
DA:141,18
DA:142,18
DA:145,2
DA:146,2
DA:150,5
LF:10
LH:10
BRF:0
BRH:0
end_of_record
TN:
SF:routers\index.js
FNF:0
FNH:0
DA:1,5
DA:2,5
DA:3,5
DA:4,5
DA:5,5
DA:6,5
DA:7,5
DA:8,5
DA:9,5
DA:10,5
DA:11,5
DA:13,5
DA:16,5
DA:17,5
DA:18,5
DA:20,5
DA:22,5
LF:17
LH:17
BRF:0
BRH:0
end_of_record
TN:
SF:routers\routerClinic.js
FNF:0
FNH:0
DA:1,5
DA:2,5
DA:4,5
DA:5,5
DA:6,5
DA:7,5
DA:8,5
DA:9,5
DA:11,5
LF:9
LH:9
BRF:0
BRH:0
end_of_record
TN:
SF:routers\routerDomicile.js
FNF:0
FNH:0
DA:1,5
DA:2,5
DA:4,5
DA:5,5
DA:6,5
DA:7,5
DA:10,5
LF:7
LH:7
BRF:0
BRH:0
end_of_record
TN:
SF:routers\routerPayment.js
FNF:0
FNH:0
DA:1,5
DA:2,5
DA:3,5
DA:4,5
DA:6,5
DA:7,5
DA:8,5
DA:10,5
LF:8
LH:8
BRF:0
BRH:0
end_of_record
TN:
SF:routers\routerRegistrationClinic.js
FNF:0
FNH:0
DA:1,5
DA:2,5
DA:3,5
DA:4,5
DA:6,5
DA:7,5
DA:8,5
DA:9,5
DA:10,5
DA:11,5
DA:15,5
DA:20,5
DA:26,5
LF:13
LH:13
BRF:0
BRH:0
end_of_record
TN:
SF:routers\routerRegistrationUser.js
FNF:0
FNH:0
DA:1,5
DA:2,5
DA:3,5
DA:4,5
DA:6,5
DA:7,5
DA:8,5
DA:9,5
DA:11,5
LF:9
LH:9
BRF:0
BRH:0
end_of_record
TN:
SF:routers\routerUser.js
FNF:0
FNH:0
DA:1,5
DA:2,5
DA:3,5
DA:4,5
DA:6,5
DA:7,5
DA:8,5
DA:9,5
DA:10,5
DA:11,5
DA:12,5
DA:14,5
LF:12
LH:12
BRF:0
BRH:0
end_of_record
